/etc/default
/etc/environment
/etc/group
/etc/host.conf
/etc/hosts
/etc/ld.so.cache
/etc/localtime
/etc/login.defs
/etc/mysql
/etc/nsswitch.conf
/etc/pam.d
/etc/passwd
/etc/resolv.conf
/etc/security
/etc/services
/etc/shadow
/etc/sudo.conf
/etc/sudoers
/etc/sudoers.d
/lib/x86_64-linux-gnu/libaio.so.1t64
/lib/x86_64-linux-gnu/libapparmor.so.1
/lib/x86_64-linux-gnu/libaudit.so.1
/lib/x86_64-linux-gnu/libbsd.so.0
/lib/x86_64-linux-gnu/libc.so.6
/lib/x86_64-linux-gnu/libcap-ng.so.0
/lib/x86_64-linux-gnu/libcap.so.2
/lib/x86_64-linux-gnu/libcrypt.so.1
/lib/x86_64-linux-gnu/libcrypto.so.3
/lib/x86_64-linux-gnu/libedit.so.2
/lib/x86_64-linux-gnu/libevent_core-2.1.so.7
/lib/x86_64-linux-gnu/libevent_pthreads-2.1.so.7
/lib/x86_64-linux-gnu/libgcc_s.so.1
/lib/x86_64-linux-gnu/libicudata.so.74
/lib/x86_64-linux-gnu/libicui18n.so.74
/lib/x86_64-linux-gnu/libicuuc.so.74
/lib/x86_64-linux-gnu/liblz4.so.1
/lib/x86_64-linux-gnu/libm.so.6
/lib/x86_64-linux-gnu/libmd.so.0
/lib/x86_64-linux-gnu/libnss_systemd.so.2
/lib/x86_64-linux-gnu/libnuma.so.1
/lib/x86_64-linux-gnu/libpam.so.0
/lib/x86_64-linux-gnu/libpam_misc.so.0
/lib/x86_64-linux-gnu/libpcre2-8.so.0
/lib/x86_64-linux-gnu/libprotobuf-lite.so.32
/lib/x86_64-linux-gnu/libresolv.so.2
/lib/x86_64-linux-gnu/libselinux.so.1
/lib/x86_64-linux-gnu/libssl.so.3
/lib/x86_64-linux-gnu/libstdc++.so.6
/lib/x86_64-linux-gnu/libtinfo.so.6
/lib/x86_64-linux-gnu/libz.so.1
/lib/x86_64-linux-gnu/libzstd.so.1
/usr/bin/mysql
/usr/bin/sudo
/usr/lib/mysql
/usr/lib/ssl
/usr/lib/x86_64-linux-gnu/gconv
/usr/lib/x86_64-linux-gnu/security
/usr/libexec/sudo
/usr/sbin/mysqld
/usr/share/mysql
/var/lib/mysql
/var/lib/mysql-files
/var/log/mysql
/var/run/mysqld
