/etc/group
/etc/ld.so.cache
/etc/localtime
/etc/nginx/conf.d
/etc/nginx/mime.types
/etc/nginx/modules-enabled
/etc/nginx/nginx.conf
/etc/nginx/sites-enabled
/etc/nginx/sites-enabled/default
/etc/nsswitch.conf
/etc/passwd
/lib/x86_64-linux-gnu/libc.so.6
/lib/x86_64-linux-gnu/libcap.so.2
/lib/x86_64-linux-gnu/libcrypt.so.1
/lib/x86_64-linux-gnu/libcrypto.so.3
/lib/x86_64-linux-gnu/libm.so.6
/lib/x86_64-linux-gnu/libnss_systemd.so.2
/lib/x86_64-linux-gnu/libpcre2-8.so.0
/lib/x86_64-linux-gnu/libssl.so.3
/lib/x86_64-linux-gnu/libtinfo.so.6
/lib/x86_64-linux-gnu/libz.so.1
/usr/lib/ssl/openssl.cnf
/usr/lib/x86_64-linux-gnu/gconv/gconv-modules.cache
/usr/sbin/nginx
/var/lib/nginx/body
/var/lib/nginx/fastcgi
/var/lib/nginx/proxy
/var/lib/nginx/scgi
/var/lib/nginx/uwsgi
/var/log/nginx/access.log
/var/log/nginx/error.log
/var/www/html/index.nginx-debian.html
/var/lib/mysql
