bash(995050): RO  /usr/bin/bash
bash(995050): RO  /usr/lib/x86_64-linux-gnu/ld-linux-x86-64.so.2
bash(995050): O   /etc/ld.so.cache
bash(995050): RO  /usr/lib/x86_64-linux-gnu/libtinfo.so.6.4
bash(995050): RO  /usr/lib/x86_64-linux-gnu/libc.so.6
bash(995050): R   /usr/lib/x86_64-linux-gnu/libc.so.6
bash(995050): C   /etc/ld.so.cache
bash(995050): RCO /etc/locale.alias
bash(995050): O   /usr/lib/locale/C.utf8/LC_IDENTIFICATION
bash(995050): O   /usr/lib/x86_64-linux-gnu/gconv/gconv-modules.cache
bash(995050): O   /usr/lib/locale/C.utf8/LC_MEASUREMENT
bash(995050): O   /usr/lib/locale/C.utf8/LC_TELEPHONE
bash(995050): O   /usr/lib/locale/C.utf8/LC_ADDRESS
nginx(995050): O   /usr/lib/locale/C.utf8/LC_NAME
nginx(995050): O   /usr/lib/locale/C.utf8/LC_PAPER
nginx(995050): CO  /usr/lib/locale/C.utf8/LC_MESSAGES
nginx(995050): O   /usr/lib/locale/C.utf8/LC_MESSAGES/SYS_LC_MESSAGES
nginx(995050): O   /usr/lib/locale/C.utf8/LC_MONETARY
nginx(995050): O   /usr/lib/locale/C.utf8/LC_COLLATE
nginx(995050): O   /usr/lib/locale/C.utf8/LC_TIME
nginx(995050): O   /usr/lib/locale/C.utf8/LC_NUMERIC
nginx(995050): O   /usr/lib/locale/C.utf8/LC_CTYPE
nginx(995050): RO  /usr/sbin/nginx
nginx(995050): RCO /usr/lib/x86_64-linux-gnu/ld-linux-x86-64.so.2
nginx(995050): C   /usr/bin/bash
nginx(995050): C   /usr/lib/locale/C.utf8/LC_IDENTIFICATION
nginx(995050): C   /usr/lib/locale/C.utf8/LC_MEASUREMENT
nginx(995050): C   /usr/lib/locale/C.utf8/LC_TELEPHONE
nginx(995050): C   /usr/lib/locale/C.utf8/LC_ADDRESS
nginx(995050): C   /usr/lib/locale/C.utf8/LC_NAME
nginx(995050): C   /usr/lib/locale/C.utf8/LC_PAPER
nginx(995050): C   /usr/lib/x86_64-linux-gnu/libtinfo.so.6.4
nginx(995050): C   /usr/lib/x86_64-linux-gnu/libc.so.6
nginx(995050): C   /usr/lib/x86_64-linux-gnu/gconv/gconv-modules.cache
nginx(995050): C   /usr/lib/locale/C.utf8/LC_MESSAGES/SYS_LC_MESSAGES
nginx(995050): C   /usr/lib/locale/C.utf8/LC_MONETARY
nginx(995050): C   /usr/lib/locale/C.utf8/LC_COLLATE
nginx(995050): C   /usr/lib/locale/C.utf8/LC_TIME
nginx(995050): C   /usr/lib/locale/C.utf8/LC_NUMERIC
nginx(995050): C   /usr/lib/locale/C.utf8/LC_CTYPE
nginx(995050): O   /etc/ld.so.cache
nginx(995050): RO  /usr/lib/x86_64-linux-gnu/libcrypt.so.1.1.0
nginx(995050): RO  /usr/lib/x86_64-linux-gnu/libpcre2-8.so.0.11.2
nginx(995050): RO  /usr/lib/x86_64-linux-gnu/libssl.so.3
nginx(995050): RO  /usr/lib/x86_64-linux-gnu/libcrypto.so.3
nginx(995050): RO  /usr/lib/x86_64-linux-gnu/libz.so.1.3
nginx(995050): RO  /usr/lib/x86_64-linux-gnu/libc.so.6
nginx(995050): C   /etc/ld.so.cache
nginx(995050): RCO /usr/share/zoneinfo/Europe/Amsterdam
nginx(995050): RO  /etc/ssl/openssl.cnf
nginx(995050): RC  /etc/ssl/openssl.cnf
nginx(995050): RO  /etc/nginx/nginx.conf
nginx(995050): RO  /etc/nsswitch.conf
nginx(995050): C   /etc/nsswitch.conf
nginx(995050): RCO /etc/passwd
nginx(995050): RCO /etc/group
nginx(995050): RCO /etc/nginx/modules-enabled
nginx(995050): RCO /etc/nginx/mime.types
nginx(995050): RCO /etc/nginx/conf.d
nginx(995050): RCO /etc/nginx/sites-enabled
nginx(995050): RCO /etc/nginx/sites-available/default
nginx(995050): C   /etc/nginx/nginx.conf
nginx(995050): O   /var/log/nginx/error.log
nginx(995050): O   /var/log/nginx/access.log
nginx(995052): RCO /etc/group
nginx(995052): O   /etc/ld.so.cache
nginx(995052): RO  /usr/lib/x86_64-linux-gnu/libnss_systemd.so.2
nginx(995053): RO  /etc/group
nginx(995052): RO  /usr/lib/x86_64-linux-gnu/libcap.so.2.66
nginx(995053): C   /etc/group
nginx(995052): RO  /usr/lib/x86_64-linux-gnu/libm.so.6
nginx(995053): CO  /etc/ld.so.cache
nginx(995053): RO  /usr/lib/x86_64-linux-gnu/libnss_systemd.so.2
nginx(995053): RO  /usr/lib/x86_64-linux-gnu/libcap.so.2.66
nginx(995052): C   /etc/ld.so.cache
nginx(995053): RO  /usr/lib/x86_64-linux-gnu/libm.so.6
nginx(995055): RCO /etc/group
nginx(995054): RCO /etc/group
nginx(995055): O   /etc/ld.so.cache
nginx(995054): O   /etc/ld.so.cache
nginx(995055): RO  /usr/lib/x86_64-linux-gnu/libnss_systemd.so.2
nginx(995054): RO  /usr/lib/x86_64-linux-gnu/libnss_systemd.so.2
nginx(995055): RO  /usr/lib/x86_64-linux-gnu/libcap.so.2.66
nginx(995054): O   /usr/lib/x86_64-linux-gnu/libcap.so.2.66
nginx(995054): R   /usr/lib/x86_64-linux-gnu/libcap.so.2.66
nginx(995054): RO  /usr/lib/x86_64-linux-gnu/libm.so.6
nginx(995055): RO  /usr/lib/x86_64-linux-gnu/libm.so.6
nginx(995055): C   /etc/ld.so.cache
nginx(995059): RCO /etc/group
nginx(995054): C   /etc/ld.so.cache
nginx(995059): CO  /etc/ld.so.cache
nginx(995059): RO  /usr/lib/x86_64-linux-gnu/libnss_systemd.so.2
nginx(995059): RO  /usr/lib/x86_64-linux-gnu/libcap.so.2.66
nginx(995059): RO  /usr/lib/x86_64-linux-gnu/libm.so.6
nginx(995057): RO  /etc/group
nginx(995057): C   /etc/group
nginx(995057): CO  /etc/ld.so.cache
nginx(995057): RO  /usr/lib/x86_64-linux-gnu/libnss_systemd.so.2
nginx(995057): RO  /usr/lib/x86_64-linux-gnu/libcap.so.2.66
nginx(995057): RO  /usr/lib/x86_64-linux-gnu/libm.so.6
nginx(995064): RCO /etc/group
nginx(995064): O   /etc/ld.so.cache
nginx(995064): RO  /usr/lib/x86_64-linux-gnu/libnss_systemd.so.2
nginx(995064): RO  /usr/lib/x86_64-linux-gnu/libcap.so.2.66
nginx(995064): RO  /usr/lib/x86_64-linux-gnu/libm.so.6
nginx(995060): RCO /etc/group
nginx(995064): C   /etc/ld.so.cache
nginx(995060): CO  /etc/ld.so.cache
nginx(995062): RCO /etc/group
nginx(995060): RO  /usr/lib/x86_64-linux-gnu/libnss_systemd.so.2
nginx(995056): RCO /etc/group
nginx(995060): RO  /usr/lib/x86_64-linux-gnu/libcap.so.2.66
nginx(995062): CO  /etc/ld.so.cache
nginx(995062): RO  /usr/lib/x86_64-linux-gnu/libnss_systemd.so.2
nginx(995060): RO  /usr/lib/x86_64-linux-gnu/libm.so.6
nginx(995056): O   /etc/ld.so.cache
nginx(995062): RO  /usr/lib/x86_64-linux-gnu/libcap.so.2.66
nginx(995056): RO  /usr/lib/x86_64-linux-gnu/libnss_systemd.so.2
nginx(995062): RO  /usr/lib/x86_64-linux-gnu/libm.so.6
nginx(995056): RO  /usr/lib/x86_64-linux-gnu/libcap.so.2.66
nginx(995056): RO  /usr/lib/x86_64-linux-gnu/libm.so.6
nginx(995056): C   /etc/ld.so.cache
nginx(995063): RCO /etc/group
nginx(995063): O   /etc/ld.so.cache
nginx(995063): RO  /usr/lib/x86_64-linux-gnu/libnss_systemd.so.2
nginx(995067): RCO /etc/group
nginx(995063): RO  /usr/lib/x86_64-linux-gnu/libcap.so.2.66
nginx(995063): RO  /usr/lib/x86_64-linux-gnu/libm.so.6
nginx(995067): O   /etc/ld.so.cache
nginx(995067): RO  /usr/lib/x86_64-linux-gnu/libnss_systemd.so.2
nginx(995067): RO  /usr/lib/x86_64-linux-gnu/libcap.so.2.66
nginx(995067): RO  /usr/lib/x86_64-linux-gnu/libm.so.6
nginx(995063): C   /etc/ld.so.cache
nginx(995061): RCO /etc/group
nginx(995067): C   /etc/ld.so.cache
nginx(995061): CO  /etc/ld.so.cache
nginx(995066): RCO /etc/group
nginx(995061): RO  /usr/lib/x86_64-linux-gnu/libnss_systemd.so.2
nginx(995061): RO  /usr/lib/x86_64-linux-gnu/libcap.so.2.66
nginx(995066): CO  /etc/ld.so.cache
nginx(995061): RO  /usr/lib/x86_64-linux-gnu/libm.so.6
nginx(995066): RO  /usr/lib/x86_64-linux-gnu/libnss_systemd.so.2
nginx(995066): RO  /usr/lib/x86_64-linux-gnu/libcap.so.2.66
nginx(995066): RO  /usr/lib/x86_64-linux-gnu/libm.so.6
nginx(995058): RCO /etc/group
nginx(995058): CO  /etc/ld.so.cache
nginx(995058): RO  /usr/lib/x86_64-linux-gnu/libnss_systemd.so.2
nginx(995058): RO  /usr/lib/x86_64-linux-gnu/libcap.so.2.66
nginx(995058): RO  /usr/lib/x86_64-linux-gnu/libm.so.6
nginx(995065): RCO /etc/group
nginx(995065): CO  /etc/ld.so.cache
nginx(995065): RO  /usr/lib/x86_64-linux-gnu/libnss_systemd.so.2
nginx(995065): RO  /usr/lib/x86_64-linux-gnu/libcap.so.2.66
nginx(995065): RO  /usr/lib/x86_64-linux-gnu/libm.so.6
