1031740 openat(AT_FDCWD, "/etc/ld.so.cache", O_RDONLY|O_CLOEXEC) = 3
1031740 openat(AT_FDCWD, "/lib/x86_64-linux-gnu/libcrypt.so.1", O_RDONLY|O_CLOEXEC) = 3
1031740 openat(AT_FDCWD, "/lib/x86_64-linux-gnu/libpcre2-8.so.0", O_RDONLY|O_CLOEXEC) = 3
1031740 openat(AT_FDCWD, "/lib/x86_64-linux-gnu/libssl.so.3", O_RDONLY|O_CLOEXEC) = 3
1031740 openat(AT_FDCWD, "/lib/x86_64-linux-gnu/libcrypto.so.3", O_RDONLY|O_CLOEXEC) = 3
1031740 openat(AT_FDCWD, "/lib/x86_64-linux-gnu/libz.so.1", O_RDONLY|O_CLOEXEC) = 3
1031740 openat(AT_FDCWD, "/lib/x86_64-linux-gnu/libc.so.6", O_RDONLY|O_CLOEXEC) = 3
1031740 openat(AT_FDCWD, "/etc/localtime", O_RDONLY|O_CLOEXEC) = 3
1031740 openat(AT_FDCWD, "/proc/sys/crypto/fips_enabled", O_RDONLY) = -1 ENOENT (No such file or directory)
1031740 openat(AT_FDCWD, "/usr/lib/ssl/openssl.cnf", O_RDONLY) = 3
1031740 openat(AT_FDCWD, "/sys/devices/system/cpu/online", O_RDONLY|O_CLOEXEC) = 3
1031740 openat(AT_FDCWD, "/etc/nginx/nginx.conf", O_RDONLY) = 3
1031740 openat(AT_FDCWD, "/etc/nsswitch.conf", O_RDONLY|O_CLOEXEC) = 4
1031740 openat(AT_FDCWD, "/etc/passwd", O_RDONLY|O_CLOEXEC) = 4
1031740 openat(AT_FDCWD, "/etc/group", O_RDONLY|O_CLOEXEC) = 4
1031740 openat(AT_FDCWD, "/etc/nginx/modules-enabled", O_RDONLY|O_NONBLOCK|O_CLOEXEC|O_DIRECTORY) = 4
1031740 openat(AT_FDCWD, "/etc/nginx/mime.types", O_RDONLY) = 4
1031740 openat(AT_FDCWD, "/etc/nginx/conf.d", O_RDONLY|O_NONBLOCK|O_CLOEXEC|O_DIRECTORY) = 4
1031740 openat(AT_FDCWD, "/etc/nginx/sites-enabled", O_RDONLY|O_NONBLOCK|O_CLOEXEC|O_DIRECTORY) = 4
1031740 openat(AT_FDCWD, "/etc/nginx/sites-enabled/default", O_RDONLY) = 4
1031740 openat(AT_FDCWD, "/var/log/nginx/error.log", O_WRONLY|O_CREAT|O_APPEND, 0644) = 3
1031740 openat(AT_FDCWD, "/var/log/nginx/access.log", O_WRONLY|O_CREAT|O_APPEND, 0644) = 4
1031740 openat(AT_FDCWD, "/run/nginx.pid", O_RDWR|O_CREAT|O_TRUNC, 0644) = 7
1031741 openat(AT_FDCWD, "/dev/null", O_RDWR <unfinished ...>
1031740 +++ exited with 0 +++
1031741 <... openat resumed>)           = 7
1031742 openat(AT_FDCWD, "/proc/sys/kernel/ngroups_max", O_RDONLY|O_CLOEXEC) = 9
1031742 openat(AT_FDCWD, "/etc/group", O_RDONLY|O_CLOEXEC) = 9
1031743 openat(AT_FDCWD, "/proc/sys/kernel/ngroups_max", O_RDONLY|O_CLOEXEC) = 11
1031742 openat(AT_FDCWD, "/etc/ld.so.cache", O_RDONLY|O_CLOEXEC) = 9
1031743 openat(AT_FDCWD, "/etc/group", O_RDONLY|O_CLOEXEC) = 11
1031742 openat(AT_FDCWD, "/lib/x86_64-linux-gnu/libnss_systemd.so.2", O_RDONLY|O_CLOEXEC) = 9
1031743 openat(AT_FDCWD, "/etc/ld.so.cache", O_RDONLY|O_CLOEXEC) = 11
1031743 openat(AT_FDCWD, "/lib/x86_64-linux-gnu/libnss_systemd.so.2", O_RDONLY|O_CLOEXEC) = 11
1031744 openat(AT_FDCWD, "/proc/sys/kernel/ngroups_max", O_RDONLY|O_CLOEXEC) = 13
1031744 openat(AT_FDCWD, "/etc/group", O_RDONLY|O_CLOEXEC) = 13
1031742 openat(AT_FDCWD, "/lib/x86_64-linux-gnu/libcap.so.2", O_RDONLY|O_CLOEXEC <unfinished ...>
1031743 openat(AT_FDCWD, "/lib/x86_64-linux-gnu/libcap.so.2", O_RDONLY|O_CLOEXEC) = 11
1031742 <... openat resumed>)           = 9
1031744 openat(AT_FDCWD, "/etc/ld.so.cache", O_RDONLY|O_CLOEXEC) = 13
1031744 openat(AT_FDCWD, "/lib/x86_64-linux-gnu/libnss_systemd.so.2", O_RDONLY|O_CLOEXEC) = 13
1031743 openat(AT_FDCWD, "/lib/x86_64-linux-gnu/libm.so.6", O_RDONLY|O_CLOEXEC) = 11
1031745 openat(AT_FDCWD, "/proc/sys/kernel/ngroups_max", O_RDONLY|O_CLOEXEC) = 15
1031742 openat(AT_FDCWD, "/lib/x86_64-linux-gnu/libm.so.6", O_RDONLY|O_CLOEXEC <unfinished ...>
1031744 openat(AT_FDCWD, "/lib/x86_64-linux-gnu/libcap.so.2", O_RDONLY|O_CLOEXEC) = 13
1031742 <... openat resumed>)           = 9
1031745 openat(AT_FDCWD, "/etc/group", O_RDONLY|O_CLOEXEC) = 15
1031745 openat(AT_FDCWD, "/etc/ld.so.cache", O_RDONLY|O_CLOEXEC <unfinished ...>
1031744 openat(AT_FDCWD, "/lib/x86_64-linux-gnu/libm.so.6", O_RDONLY|O_CLOEXEC <unfinished ...>
1031745 <... openat resumed>)           = 15
1031744 <... openat resumed>)           = 13
1031745 openat(AT_FDCWD, "/lib/x86_64-linux-gnu/libnss_systemd.so.2", O_RDONLY|O_CLOEXEC) = 15
1031745 openat(AT_FDCWD, "/lib/x86_64-linux-gnu/libcap.so.2", O_RDONLY|O_CLOEXEC <unfinished ...>
1031746 openat(AT_FDCWD, "/proc/sys/kernel/ngroups_max", O_RDONLY|O_CLOEXEC <unfinished ...>
1031745 <... openat resumed>)           = 15
1031743 openat(AT_FDCWD, "/run/systemd/userdb/", O_RDONLY|O_NONBLOCK|O_CLOEXEC|O_DIRECTORY <unfinished ...>
1031746 <... openat resumed>)           = 17
1031743 <... openat resumed>)           = 11
1031746 openat(AT_FDCWD, "/etc/group", O_RDONLY|O_CLOEXEC) = 17
1031745 openat(AT_FDCWD, "/lib/x86_64-linux-gnu/libm.so.6", O_RDONLY|O_CLOEXEC) = 15
1031744 openat(AT_FDCWD, "/run/systemd/userdb/", O_RDONLY|O_NONBLOCK|O_CLOEXEC|O_DIRECTORY) = 13
1031746 openat(AT_FDCWD, "/etc/ld.so.cache", O_RDONLY|O_CLOEXEC) = 17
1031746 openat(AT_FDCWD, "/lib/x86_64-linux-gnu/libnss_systemd.so.2", O_RDONLY|O_CLOEXEC) = 17
1031743 openat(AT_FDCWD, "/", O_RDONLY|O_CLOEXEC|O_PATH|O_DIRECTORY) = 11
1031742 openat(AT_FDCWD, "/run/systemd/userdb/", O_RDONLY|O_NONBLOCK|O_CLOEXEC|O_DIRECTORY) = 9
1031743 openat(11, "/", O_RDONLY|O_CLOEXEC|O_PATH|O_DIRECTORY <unfinished ...>
1031746 openat(AT_FDCWD, "/lib/x86_64-linux-gnu/libcap.so.2", O_RDONLY|O_CLOEXEC <unfinished ...>
1031743 <... openat resumed>)           = 15
1031746 <... openat resumed>)           = 17
1031743 openat(AT_FDCWD, "/", O_RDONLY|O_CLOEXEC|O_PATH|O_DIRECTORY) = 16
1031747 openat(AT_FDCWD, "/proc/sys/kernel/ngroups_max", O_RDONLY|O_CLOEXEC <unfinished ...>
1031743 openat(15, "etc", O_RDONLY|O_NOFOLLOW|O_CLOEXEC|O_PATH <unfinished ...>
1031747 <... openat resumed>)           = 19
1031743 <... openat resumed>)           = 17
1031744 openat(AT_FDCWD, "/", O_RDONLY|O_CLOEXEC|O_PATH|O_DIRECTORY) = 13
1031745 openat(AT_FDCWD, "/run/systemd/userdb/", O_RDONLY|O_NONBLOCK|O_CLOEXEC|O_DIRECTORY) = 15
1031743 openat(17, "userdb", O_RDONLY|O_NOFOLLOW|O_CLOEXEC|O_PATH) = -1 ENOENT (No such file or directory)
1031744 openat(13, "/", O_RDONLY|O_CLOEXEC|O_PATH|O_DIRECTORY) = 17
1031747 openat(AT_FDCWD, "/etc/group", O_RDONLY|O_CLOEXEC) = 19
1031746 openat(AT_FDCWD, "/lib/x86_64-linux-gnu/libm.so.6", O_RDONLY|O_CLOEXEC) = 17
1031744 openat(AT_FDCWD, "/", O_RDONLY|O_CLOEXEC|O_PATH|O_DIRECTORY) = 18
1031744 openat(17, "etc", O_RDONLY|O_NOFOLLOW|O_CLOEXEC|O_PATH <unfinished ...>
1031743 openat(AT_FDCWD, "/", O_RDONLY|O_CLOEXEC|O_PATH|O_DIRECTORY <unfinished ...>
1031744 <... openat resumed>)           = 19
1031743 <... openat resumed>)           = 11
1031744 openat(19, "userdb", O_RDONLY|O_NOFOLLOW|O_CLOEXEC|O_PATH) = -1 ENOENT (No such file or directory)
1031743 openat(11, "/", O_RDONLY|O_CLOEXEC|O_PATH|O_DIRECTORY <unfinished ...>
1031747 openat(AT_FDCWD, "/etc/ld.so.cache", O_RDONLY|O_CLOEXEC <unfinished ...>
1031743 <... openat resumed>)           = 15
1031747 <... openat resumed>)           = 19
1031743 openat(AT_FDCWD, "/", O_RDONLY|O_CLOEXEC|O_PATH|O_DIRECTORY) = 16
1031744 openat(AT_FDCWD, "/", O_RDONLY|O_CLOEXEC|O_PATH|O_DIRECTORY <unfinished ...>
1031743 openat(15, "run", O_RDONLY|O_NOFOLLOW|O_CLOEXEC|O_PATH <unfinished ...>
1031744 <... openat resumed>)           = 13
1031743 <... openat resumed>)           = 17
1031747 openat(AT_FDCWD, "/lib/x86_64-linux-gnu/libnss_systemd.so.2", O_RDONLY|O_CLOEXEC) = 19
1031744 openat(13, "/", O_RDONLY|O_CLOEXEC|O_PATH|O_DIRECTORY <unfinished ...>
1031743 openat(17, "userdb", O_RDONLY|O_NOFOLLOW|O_CLOEXEC|O_PATH <unfinished ...>
1031744 <... openat resumed>)           = 17
1031743 <... openat resumed>)           = -1 ENOENT (No such file or directory)
1031745 openat(AT_FDCWD, "/", O_RDONLY|O_CLOEXEC|O_PATH|O_DIRECTORY) = 15
1031744 openat(AT_FDCWD, "/", O_RDONLY|O_CLOEXEC|O_PATH|O_DIRECTORY) = 18
1031744 openat(17, "run", O_RDONLY|O_NOFOLLOW|O_CLOEXEC|O_PATH) = 19
1031745 openat(15, "/", O_RDONLY|O_CLOEXEC|O_PATH|O_DIRECTORY <unfinished ...>
1031743 openat(AT_FDCWD, "/", O_RDONLY|O_CLOEXEC|O_PATH|O_DIRECTORY <unfinished ...>
1031745 <... openat resumed>)           = 19
1031743 <... openat resumed>)           = 11
1031747 openat(AT_FDCWD, "/lib/x86_64-linux-gnu/libcap.so.2", O_RDONLY|O_CLOEXEC <unfinished ...>
1031745 openat(AT_FDCWD, "/", O_RDONLY|O_CLOEXEC|O_PATH|O_DIRECTORY <unfinished ...>
1031744 openat(19, "userdb", O_RDONLY|O_NOFOLLOW|O_CLOEXEC|O_PATH <unfinished ...>
1031747 <... openat resumed>)           = 19
1031745 <... openat resumed>)           = 20
1031744 <... openat resumed>)           = -1 ENOENT (No such file or directory)
1031745 openat(19, "etc", O_RDONLY|O_NOFOLLOW|O_CLOEXEC|O_PATH) = 21
1031743 openat(11, "/", O_RDONLY|O_CLOEXEC|O_PATH|O_DIRECTORY <unfinished ...>
1031742 openat(AT_FDCWD, "/", O_RDONLY|O_CLOEXEC|O_PATH|O_DIRECTORY <unfinished ...>
1031743 <... openat resumed>)           = 15
1031746 openat(AT_FDCWD, "/run/systemd/userdb/", O_RDONLY|O_NONBLOCK|O_CLOEXEC|O_DIRECTORY <unfinished ...>
1031742 <... openat resumed>)           = 9
1031746 <... openat resumed>)           = 17
1031743 openat(AT_FDCWD, "/", O_RDONLY|O_CLOEXEC|O_PATH|O_DIRECTORY <unfinished ...>
1031745 openat(21, "userdb", O_RDONLY|O_NOFOLLOW|O_CLOEXEC|O_PATH <unfinished ...>
1031744 openat(AT_FDCWD, "/", O_RDONLY|O_CLOEXEC|O_PATH|O_DIRECTORY <unfinished ...>
1031743 <... openat resumed>)           = 16
1031748 openat(AT_FDCWD, "/proc/sys/kernel/ngroups_max", O_RDONLY|O_CLOEXEC <unfinished ...>
1031745 <... openat resumed>)           = -1 ENOENT (No such file or directory)
1031744 <... openat resumed>)           = 13
1031743 openat(15, "run", O_RDONLY|O_NOFOLLOW|O_CLOEXEC|O_PATH <unfinished ...>
1031748 <... openat resumed>)           = 21
1031743 <... openat resumed>)           = 17
1031744 openat(13, "/", O_RDONLY|O_CLOEXEC|O_PATH|O_DIRECTORY) = 17
1031743 openat(17, "host", O_RDONLY|O_NOFOLLOW|O_CLOEXEC|O_PATH <unfinished ...>
1031742 openat(9, "/", O_RDONLY|O_CLOEXEC|O_PATH|O_DIRECTORY <unfinished ...>
1031747 openat(AT_FDCWD, "/lib/x86_64-linux-gnu/libm.so.6", O_RDONLY|O_CLOEXEC <unfinished ...>
1031745 openat(AT_FDCWD, "/", O_RDONLY|O_CLOEXEC|O_PATH|O_DIRECTORY <unfinished ...>
1031743 <... openat resumed>)           = -1 ENOENT (No such file or directory)
1031747 <... openat resumed>)           = 19
1031745 <... openat resumed>)           = 15
1031742 <... openat resumed>)           = 13
1031744 openat(AT_FDCWD, "/", O_RDONLY|O_CLOEXEC|O_PATH|O_DIRECTORY <unfinished ...>
1031748 openat(AT_FDCWD, "/etc/group", O_RDONLY|O_CLOEXEC <unfinished ...>
1031744 <... openat resumed>)           = 18
1031748 <... openat resumed>)           = 21
1031744 openat(17, "run", O_RDONLY|O_NOFOLLOW|O_CLOEXEC|O_PATH) = 19
1031745 openat(15, "/", O_RDONLY|O_CLOEXEC|O_PATH|O_DIRECTORY) = 19
1031743 openat(AT_FDCWD, "/", O_RDONLY|O_CLOEXEC|O_PATH|O_DIRECTORY <unfinished ...>
1031742 openat(AT_FDCWD, "/", O_RDONLY|O_CLOEXEC|O_PATH|O_DIRECTORY <unfinished ...>
1031743 <... openat resumed>)           = 11
1031742 <... openat resumed>)           = 14
1031745 openat(AT_FDCWD, "/", O_RDONLY|O_CLOEXEC|O_PATH|O_DIRECTORY <unfinished ...>
1031744 openat(19, "host", O_RDONLY|O_NOFOLLOW|O_CLOEXEC|O_PATH <unfinished ...>
1031745 <... openat resumed>)           = 20
1031744 <... openat resumed>)           = -1 ENOENT (No such file or directory)
1031742 openat(13, "etc", O_RDONLY|O_NOFOLLOW|O_CLOEXEC|O_PATH <unfinished ...>
1031745 openat(19, "run", O_RDONLY|O_NOFOLLOW|O_CLOEXEC|O_PATH) = 21
1031743 openat(11, "/", O_RDONLY|O_CLOEXEC|O_PATH|O_DIRECTORY <unfinished ...>
1031742 <... openat resumed>)           = 15
1031743 <... openat resumed>)           = 15
1031748 openat(AT_FDCWD, "/etc/ld.so.cache", O_RDONLY|O_CLOEXEC) = 21
1031743 openat(AT_FDCWD, "/", O_RDONLY|O_CLOEXEC|O_PATH|O_DIRECTORY <unfinished ...>
1031745 openat(21, "userdb", O_RDONLY|O_NOFOLLOW|O_CLOEXEC|O_PATH <unfinished ...>
1031744 openat(AT_FDCWD, "/", O_RDONLY|O_CLOEXEC|O_PATH|O_DIRECTORY <unfinished ...>
1031743 <... openat resumed>)           = 16
1031745 <... openat resumed>)           = -1 ENOENT (No such file or directory)
1031744 <... openat resumed>)           = 13
1031743 openat(15, "usr", O_RDONLY|O_NOFOLLOW|O_CLOEXEC|O_PATH) = 17
1031746 openat(AT_FDCWD, "/", O_RDONLY|O_CLOEXEC|O_PATH|O_DIRECTORY) = 17
1031748 openat(AT_FDCWD, "/lib/x86_64-linux-gnu/libnss_systemd.so.2", O_RDONLY|O_CLOEXEC <unfinished ...>
1031742 openat(15, "userdb", O_RDONLY|O_NOFOLLOW|O_CLOEXEC|O_PATH <unfinished ...>
1031748 <... openat resumed>)           = 21
1031744 openat(13, "/", O_RDONLY|O_CLOEXEC|O_PATH|O_DIRECTORY) = 17
1031743 openat(17, "local", O_RDONLY|O_NOFOLLOW|O_CLOEXEC|O_PATH <unfinished ...>
1031742 <... openat resumed>)           = -1 ENOENT (No such file or directory)
1031745 openat(AT_FDCWD, "/", O_RDONLY|O_CLOEXEC|O_PATH|O_DIRECTORY <unfinished ...>
1031743 <... openat resumed>)           = 15
1031746 openat(17, "/", O_RDONLY|O_CLOEXEC|O_PATH|O_DIRECTORY <unfinished ...>
1031745 <... openat resumed>)           = 15
1031746 <... openat resumed>)           = 21
1031744 openat(AT_FDCWD, "/", O_RDONLY|O_CLOEXEC|O_PATH|O_DIRECTORY) = 18
1031744 openat(17, "usr", O_RDONLY|O_NOFOLLOW|O_CLOEXEC|O_PATH <unfinished ...>
1031746 openat(AT_FDCWD, "/", O_RDONLY|O_CLOEXEC|O_PATH|O_DIRECTORY <unfinished ...>
1031744 <... openat resumed>)           = 19
1031743 openat(15, "lib", O_RDONLY|O_NOFOLLOW|O_CLOEXEC|O_PATH <unfinished ...>
1031746 <... openat resumed>)           = 22
1031745 openat(15, "/", O_RDONLY|O_CLOEXEC|O_PATH|O_DIRECTORY <unfinished ...>
1031743 <... openat resumed>)           = 17
1031746 openat(21, "etc", O_RDONLY|O_NOFOLLOW|O_CLOEXEC|O_PATH <unfinished ...>
1031745 <... openat resumed>)           = 19
1031746 <... openat resumed>)           = 23
1031745 openat(AT_FDCWD, "/", O_RDONLY|O_CLOEXEC|O_PATH|O_DIRECTORY <unfinished ...>
1031744 openat(19, "local", O_RDONLY|O_NOFOLLOW|O_CLOEXEC|O_PATH <unfinished ...>
1031745 <... openat resumed>)           = 20
1031744 <... openat resumed>)           = 17
1031743 openat(17, "userdb", O_RDONLY|O_NOFOLLOW|O_CLOEXEC|O_PATH <unfinished ...>
1031745 openat(19, "run", O_RDONLY|O_NOFOLLOW|O_CLOEXEC|O_PATH <unfinished ...>
1031743 <... openat resumed>)           = -1 ENOENT (No such file or directory)
1031748 openat(AT_FDCWD, "/lib/x86_64-linux-gnu/libcap.so.2", O_RDONLY|O_CLOEXEC <unfinished ...>
1031746 openat(23, "userdb", O_RDONLY|O_NOFOLLOW|O_CLOEXEC|O_PATH <unfinished ...>
1031745 <... openat resumed>)           = 21
1031742 openat(AT_FDCWD, "/", O_RDONLY|O_CLOEXEC|O_PATH|O_DIRECTORY <unfinished ...>
1031748 <... openat resumed>)           = 21
1031747 openat(AT_FDCWD, "/run/systemd/userdb/", O_RDONLY|O_NONBLOCK|O_CLOEXEC|O_DIRECTORY <unfinished ...>
1031746 <... openat resumed>)           = -1 ENOENT (No such file or directory)
1031747 <... openat resumed>)           = 19
1031742 <... openat resumed>)           = 9
1031744 openat(17, "lib", O_RDONLY|O_NOFOLLOW|O_CLOEXEC|O_PATH) = 19
1031745 openat(21, "host", O_RDONLY|O_NOFOLLOW|O_CLOEXEC|O_PATH) = -1 ENOENT (No such file or directory)
1031743 openat(AT_FDCWD, "/", O_RDONLY|O_CLOEXEC|O_PATH|O_DIRECTORY) = 11
1031746 openat(AT_FDCWD, "/", O_RDONLY|O_CLOEXEC|O_PATH|O_DIRECTORY) = 17
1031744 openat(19, "userdb", O_RDONLY|O_NOFOLLOW|O_CLOEXEC|O_PATH) = -1 ENOENT (No such file or directory)
1031749 openat(AT_FDCWD, "/proc/sys/kernel/ngroups_max", O_RDONLY|O_CLOEXEC <unfinished ...>
1031742 openat(9, "/", O_RDONLY|O_CLOEXEC|O_PATH|O_DIRECTORY <unfinished ...>
1031749 <... openat resumed>)           = 23
1031745 openat(AT_FDCWD, "/", O_RDONLY|O_CLOEXEC|O_PATH|O_DIRECTORY <unfinished ...>
1031743 openat(11, "/", O_RDONLY|O_CLOEXEC|O_PATH|O_DIRECTORY <unfinished ...>
1031746 openat(17, "/", O_RDONLY|O_CLOEXEC|O_PATH|O_DIRECTORY <unfinished ...>
1031745 <... openat resumed>)           = 15
1031743 <... openat resumed>)           = 15
1031742 <... openat resumed>)           = 13
1031746 <... openat resumed>)           = 21
1031748 openat(AT_FDCWD, "/lib/x86_64-linux-gnu/libm.so.6", O_RDONLY|O_CLOEXEC) = 21
1031744 openat(AT_FDCWD, "/", O_RDONLY|O_CLOEXEC|O_PATH|O_DIRECTORY <unfinished ...>
1031743 openat(AT_FDCWD, "/", O_RDONLY|O_CLOEXEC|O_PATH|O_DIRECTORY <unfinished ...>
1031746 openat(AT_FDCWD, "/", O_RDONLY|O_CLOEXEC|O_PATH|O_DIRECTORY <unfinished ...>
1031744 <... openat resumed>)           = 13
1031743 <... openat resumed>)           = 16
1031742 openat(AT_FDCWD, "/", O_RDONLY|O_CLOEXEC|O_PATH|O_DIRECTORY <unfinished ...>
1031746 <... openat resumed>)           = 22
1031745 openat(15, "/", O_RDONLY|O_CLOEXEC|O_PATH|O_DIRECTORY <unfinished ...>
1031743 openat(15, "usr", O_RDONLY|O_NOFOLLOW|O_CLOEXEC|O_PATH <unfinished ...>
1031746 openat(21, "run", O_RDONLY|O_NOFOLLOW|O_CLOEXEC|O_PATH <unfinished ...>
1031745 <... openat resumed>)           = 19
1031743 <... openat resumed>)           = 17
1031742 <... openat resumed>)           = 14
1031746 <... openat resumed>)           = 23
1031749 openat(AT_FDCWD, "/etc/group", O_RDONLY|O_CLOEXEC <unfinished ...>
1031742 openat(13, "run", O_RDONLY|O_NOFOLLOW|O_CLOEXEC|O_PATH <unfinished ...>
1031749 <... openat resumed>)           = 23
1031745 openat(AT_FDCWD, "/", O_RDONLY|O_CLOEXEC|O_PATH|O_DIRECTORY <unfinished ...>
1031744 openat(13, "/", O_RDONLY|O_CLOEXEC|O_PATH|O_DIRECTORY <unfinished ...>
1031745 <... openat resumed>)           = 20
1031744 <... openat resumed>)           = 17
1031742 <... openat resumed>)           = 15
1031745 openat(19, "usr", O_RDONLY|O_NOFOLLOW|O_CLOEXEC|O_PATH <unfinished ...>
1031743 openat(17, "lib", O_RDONLY|O_NOFOLLOW|O_CLOEXEC|O_PATH <unfinished ...>
1031746 openat(23, "userdb", O_RDONLY|O_NOFOLLOW|O_CLOEXEC|O_PATH <unfinished ...>
1031745 <... openat resumed>)           = 21
1031743 <... openat resumed>)           = 15
1031746 <... openat resumed>)           = -1 ENOENT (No such file or directory)
1031744 openat(AT_FDCWD, "/", O_RDONLY|O_CLOEXEC|O_PATH|O_DIRECTORY) = 18
1031744 openat(17, "usr", O_RDONLY|O_NOFOLLOW|O_CLOEXEC|O_PATH) = 19
1031745 openat(21, "local", O_RDONLY|O_NOFOLLOW|O_CLOEXEC|O_PATH <unfinished ...>
1031743 openat(15, "userdb", O_RDONLY|O_NOFOLLOW|O_CLOEXEC|O_PATH <unfinished ...>
1031745 <... openat resumed>)           = 19
1031743 <... openat resumed>)           = -1 ENOENT (No such file or directory)
1031747 openat(AT_FDCWD, "/", O_RDONLY|O_CLOEXEC|O_PATH|O_DIRECTORY <unfinished ...>
1031749 openat(AT_FDCWD, "/etc/ld.so.cache", O_RDONLY|O_CLOEXEC <unfinished ...>
1031747 <... openat resumed>)           = 19
1031746 openat(AT_FDCWD, "/", O_RDONLY|O_CLOEXEC|O_PATH|O_DIRECTORY <unfinished ...>
1031742 openat(15, "userdb", O_RDONLY|O_NOFOLLOW|O_CLOEXEC|O_PATH <unfinished ...>
1031749 <... openat resumed>)           = 23
1031746 <... openat resumed>)           = 17
1031744 openat(19, "lib", O_RDONLY|O_NOFOLLOW|O_CLOEXEC|O_PATH) = 17
1031742 <... openat resumed>)           = -1 ENOENT (No such file or directory)
1031745 openat(19, "lib", O_RDONLY|O_NOFOLLOW|O_CLOEXEC|O_PATH) = 21
1031747 openat(19, "/", O_RDONLY|O_CLOEXEC|O_PATH|O_DIRECTORY) = 23
1031746 openat(17, "/", O_RDONLY|O_CLOEXEC|O_PATH|O_DIRECTORY) = 21
1031744 openat(17, "userdb", O_RDONLY|O_NOFOLLOW|O_CLOEXEC|O_PATH <unfinished ...>
1031749 openat(AT_FDCWD, "/lib/x86_64-linux-gnu/libnss_systemd.so.2", O_RDONLY|O_CLOEXEC <unfinished ...>
1031744 <... openat resumed>)           = -1 ENOENT (No such file or directory)
1031743 openat(AT_FDCWD, "/proc/sys/kernel/random/boot_id", O_RDONLY|O_NOCTTY|O_CLOEXEC <unfinished ...>
1031749 <... openat resumed>)           = 23
1031747 openat(AT_FDCWD, "/", O_RDONLY|O_CLOEXEC|O_PATH|O_DIRECTORY <unfinished ...>
1031745 openat(21, "userdb", O_RDONLY|O_NOFOLLOW|O_CLOEXEC|O_PATH <unfinished ...>
1031747 <... openat resumed>)           = 24
1031746 openat(AT_FDCWD, "/", O_RDONLY|O_CLOEXEC|O_PATH|O_DIRECTORY <unfinished ...>
1031745 <... openat resumed>)           = -1 ENOENT (No such file or directory)
1031743 <... openat resumed>)           = 11
1031747 openat(23, "etc", O_RDONLY|O_NOFOLLOW|O_CLOEXEC|O_PATH <unfinished ...>
1031746 <... openat resumed>)           = 22
1031747 <... openat resumed>)           = 25
1031746 openat(21, "run", O_RDONLY|O_NOFOLLOW|O_CLOEXEC|O_PATH) = 23
1031742 openat(AT_FDCWD, "/", O_RDONLY|O_CLOEXEC|O_PATH|O_DIRECTORY <unfinished ...>
1031747 openat(25, "userdb", O_RDONLY|O_NOFOLLOW|O_CLOEXEC|O_PATH <unfinished ...>
1031745 openat(AT_FDCWD, "/", O_RDONLY|O_CLOEXEC|O_PATH|O_DIRECTORY <unfinished ...>
1031744 openat(AT_FDCWD, "/proc/sys/kernel/random/boot_id", O_RDONLY|O_NOCTTY|O_CLOEXEC <unfinished ...>
1031747 <... openat resumed>)           = -1 ENOENT (No such file or directory)
1031746 openat(23, "host", O_RDONLY|O_NOFOLLOW|O_CLOEXEC|O_PATH <unfinished ...>
1031745 <... openat resumed>)           = 15
1031744 <... openat resumed>)           = 13
1031742 <... openat resumed>)           = 9
1031746 <... openat resumed>)           = -1 ENOENT (No such file or directory)
1031748 openat(AT_FDCWD, "/run/systemd/userdb/", O_RDONLY|O_NONBLOCK|O_CLOEXEC|O_DIRECTORY) = 21
1031745 openat(15, "/", O_RDONLY|O_CLOEXEC|O_PATH|O_DIRECTORY <unfinished ...>
1031749 openat(AT_FDCWD, "/lib/x86_64-linux-gnu/libcap.so.2", O_RDONLY|O_CLOEXEC <unfinished ...>
1031745 <... openat resumed>)           = 19
1031749 <... openat resumed>)           = 23
1031747 openat(AT_FDCWD, "/", O_RDONLY|O_CLOEXEC|O_PATH|O_DIRECTORY) = 19
1031746 openat(AT_FDCWD, "/", O_RDONLY|O_CLOEXEC|O_PATH|O_DIRECTORY) = 17
1031745 openat(AT_FDCWD, "/", O_RDONLY|O_CLOEXEC|O_PATH|O_DIRECTORY) = 20
1031742 openat(9, "/", O_RDONLY|O_CLOEXEC|O_PATH|O_DIRECTORY <unfinished ...>
1031745 openat(19, "usr", O_RDONLY|O_NOFOLLOW|O_CLOEXEC|O_PATH) = 21
1031742 <... openat resumed>)           = 13
1031747 openat(19, "/", O_RDONLY|O_CLOEXEC|O_PATH|O_DIRECTORY) = 23
1031746 openat(17, "/", O_RDONLY|O_CLOEXEC|O_PATH|O_DIRECTORY) = 21
1031747 openat(AT_FDCWD, "/", O_RDONLY|O_CLOEXEC|O_PATH|O_DIRECTORY <unfinished ...>
1031745 openat(21, "lib", O_RDONLY|O_NOFOLLOW|O_CLOEXEC|O_PATH <unfinished ...>
1031747 <... openat resumed>)           = 24
1031746 openat(AT_FDCWD, "/", O_RDONLY|O_CLOEXEC|O_PATH|O_DIRECTORY <unfinished ...>
1031745 <... openat resumed>)           = 19
1031742 openat(AT_FDCWD, "/", O_RDONLY|O_CLOEXEC|O_PATH|O_DIRECTORY <unfinished ...>
1031747 openat(23, "run", O_RDONLY|O_NOFOLLOW|O_CLOEXEC|O_PATH <unfinished ...>
1031746 <... openat resumed>)           = 22
1031747 <... openat resumed>)           = 25
1031746 openat(21, "usr", O_RDONLY|O_NOFOLLOW|O_CLOEXEC|O_PATH <unfinished ...>
1031742 <... openat resumed>)           = 14
1031746 <... openat resumed>)           = 23
1031750 openat(AT_FDCWD, "/proc/sys/kernel/ngroups_max", O_RDONLY|O_CLOEXEC <unfinished ...>
1031749 openat(AT_FDCWD, "/lib/x86_64-linux-gnu/libm.so.6", O_RDONLY|O_CLOEXEC <unfinished ...>
1031742 openat(13, "run", O_RDONLY|O_NOFOLLOW|O_CLOEXEC|O_PATH <unfinished ...>
1031750 <... openat resumed>)           = 25
1031749 <... openat resumed>)           = 23
1031745 openat(19, "userdb", O_RDONLY|O_NOFOLLOW|O_CLOEXEC|O_PATH) = -1 ENOENT (No such file or directory)
1031742 <... openat resumed>)           = 15
1031747 openat(25, "userdb", O_RDONLY|O_NOFOLLOW|O_CLOEXEC|O_PATH) = -1 ENOENT (No such file or directory)
1031746 openat(23, "local", O_RDONLY|O_NOFOLLOW|O_CLOEXEC|O_PATH) = 21
1031750 openat(AT_FDCWD, "/etc/group", O_RDONLY|O_CLOEXEC <unfinished ...>
1031746 openat(21, "lib", O_RDONLY|O_NOFOLLOW|O_CLOEXEC|O_PATH <unfinished ...>
1031750 <... openat resumed>)           = 25
1031747 openat(AT_FDCWD, "/", O_RDONLY|O_CLOEXEC|O_PATH|O_DIRECTORY <unfinished ...>
1031746 <... openat resumed>)           = 23
1031745 openat(AT_FDCWD, "/proc/sys/kernel/random/boot_id", O_RDONLY|O_NOCTTY|O_CLOEXEC <unfinished ...>
1031747 <... openat resumed>)           = 19
1031745 <... openat resumed>)           = 15
1031742 openat(15, "host", O_RDONLY|O_NOFOLLOW|O_CLOEXEC|O_PATH <unfinished ...>
1031748 openat(AT_FDCWD, "/", O_RDONLY|O_CLOEXEC|O_PATH|O_DIRECTORY <unfinished ...>
1031742 <... openat resumed>)           = -1 ENOENT (No such file or directory)
1031748 <... openat resumed>)           = 21
1031746 openat(23, "userdb", O_RDONLY|O_NOFOLLOW|O_CLOEXEC|O_PATH <unfinished ...>
1031747 openat(19, "/", O_RDONLY|O_CLOEXEC|O_PATH|O_DIRECTORY <unfinished ...>
1031746 <... openat resumed>)           = -1 ENOENT (No such file or directory)
1031747 <... openat resumed>)           = 23
1031748 openat(21, "/", O_RDONLY|O_CLOEXEC|O_PATH|O_DIRECTORY) = 25
1031747 openat(AT_FDCWD, "/", O_RDONLY|O_CLOEXEC|O_PATH|O_DIRECTORY <unfinished ...>
1031750 openat(AT_FDCWD, "/etc/ld.so.cache", O_RDONLY|O_CLOEXEC <unfinished ...>
1031747 <... openat resumed>)           = 24
1031750 <... openat resumed>)           = 25
1031747 openat(23, "run", O_RDONLY|O_NOFOLLOW|O_CLOEXEC|O_PATH <unfinished ...>
1031748 openat(AT_FDCWD, "/", O_RDONLY|O_CLOEXEC|O_PATH|O_DIRECTORY <unfinished ...>
1031747 <... openat resumed>)           = 25
1031746 openat(AT_FDCWD, "/", O_RDONLY|O_CLOEXEC|O_PATH|O_DIRECTORY <unfinished ...>
1031748 <... openat resumed>)           = 26
1031746 <... openat resumed>)           = 17
1031748 openat(25, "etc", O_RDONLY|O_NOFOLLOW|O_CLOEXEC|O_PATH <unfinished ...>
1031742 openat(AT_FDCWD, "/", O_RDONLY|O_CLOEXEC|O_PATH|O_DIRECTORY <unfinished ...>
1031748 <... openat resumed>)           = 27
1031742 <... openat resumed>)           = 9
1031747 openat(25, "host", O_RDONLY|O_NOFOLLOW|O_CLOEXEC|O_PATH <unfinished ...>
1031750 openat(AT_FDCWD, "/lib/x86_64-linux-gnu/libnss_systemd.so.2", O_RDONLY|O_CLOEXEC <unfinished ...>
1031747 <... openat resumed>)           = -1 ENOENT (No such file or directory)
1031746 openat(17, "/", O_RDONLY|O_CLOEXEC|O_PATH|O_DIRECTORY <unfinished ...>
1031750 <... openat resumed>)           = 25
1031746 <... openat resumed>)           = 21
1031748 openat(27, "userdb", O_RDONLY|O_NOFOLLOW|O_CLOEXEC|O_PATH) = -1 ENOENT (No such file or directory)
1031746 openat(AT_FDCWD, "/", O_RDONLY|O_CLOEXEC|O_PATH|O_DIRECTORY) = 22
1031746 openat(21, "usr", O_RDONLY|O_NOFOLLOW|O_CLOEXEC|O_PATH <unfinished ...>
1031747 openat(AT_FDCWD, "/", O_RDONLY|O_CLOEXEC|O_PATH|O_DIRECTORY <unfinished ...>
1031746 <... openat resumed>)           = 23
1031747 <... openat resumed>)           = 19
1031742 openat(9, "/", O_RDONLY|O_CLOEXEC|O_PATH|O_DIRECTORY <unfinished ...>
1031749 openat(AT_FDCWD, "/run/systemd/userdb/", O_RDONLY|O_NONBLOCK|O_CLOEXEC|O_DIRECTORY <unfinished ...>
1031748 openat(AT_FDCWD, "/", O_RDONLY|O_CLOEXEC|O_PATH|O_DIRECTORY <unfinished ...>
1031742 <... openat resumed>)           = 13
1031749 <... openat resumed>)           = 23
1031748 <... openat resumed>)           = 21
1031746 openat(23, "lib", O_RDONLY|O_NOFOLLOW|O_CLOEXEC|O_PATH <unfinished ...>
1031747 openat(19, "/", O_RDONLY|O_CLOEXEC|O_PATH|O_DIRECTORY <unfinished ...>
1031746 <... openat resumed>)           = 21
1031747 <... openat resumed>)           = 23
1031750 openat(AT_FDCWD, "/lib/x86_64-linux-gnu/libcap.so.2", O_RDONLY|O_CLOEXEC <unfinished ...>
1031748 openat(21, "/", O_RDONLY|O_CLOEXEC|O_PATH|O_DIRECTORY <unfinished ...>
1031742 openat(AT_FDCWD, "/", O_RDONLY|O_CLOEXEC|O_PATH|O_DIRECTORY <unfinished ...>
1031750 <... openat resumed>)           = 25
1031748 <... openat resumed>)           = 25
1031747 openat(AT_FDCWD, "/", O_RDONLY|O_CLOEXEC|O_PATH|O_DIRECTORY) = 24
1031746 openat(21, "userdb", O_RDONLY|O_NOFOLLOW|O_CLOEXEC|O_PATH <unfinished ...>
1031742 <... openat resumed>)           = 14
1031747 openat(23, "usr", O_RDONLY|O_NOFOLLOW|O_CLOEXEC|O_PATH <unfinished ...>
1031746 <... openat resumed>)           = -1 ENOENT (No such file or directory)
1031748 openat(AT_FDCWD, "/", O_RDONLY|O_CLOEXEC|O_PATH|O_DIRECTORY <unfinished ...>
1031747 <... openat resumed>)           = 25
1031742 openat(13, "usr", O_RDONLY|O_NOFOLLOW|O_CLOEXEC|O_PATH <unfinished ...>
1031748 <... openat resumed>)           = 26
1031748 openat(25, "run", O_RDONLY|O_NOFOLLOW|O_CLOEXEC|O_PATH <unfinished ...>
1031742 <... openat resumed>)           = 15
1031748 <... openat resumed>)           = 27
1031747 openat(25, "local", O_RDONLY|O_NOFOLLOW|O_CLOEXEC|O_PATH) = 23
1031748 openat(27, "userdb", O_RDONLY|O_NOFOLLOW|O_CLOEXEC|O_PATH <unfinished ...>
1031746 openat(AT_FDCWD, "/proc/sys/kernel/random/boot_id", O_RDONLY|O_NOCTTY|O_CLOEXEC <unfinished ...>
1031748 <... openat resumed>)           = -1 ENOENT (No such file or directory)
1031746 <... openat resumed>)           = 17
1031747 openat(23, "lib", O_RDONLY|O_NOFOLLOW|O_CLOEXEC|O_PATH <unfinished ...>
1031750 openat(AT_FDCWD, "/lib/x86_64-linux-gnu/libm.so.6", O_RDONLY|O_CLOEXEC <unfinished ...>
1031747 <... openat resumed>)           = 25
1031742 openat(15, "local", O_RDONLY|O_NOFOLLOW|O_CLOEXEC|O_PATH <unfinished ...>
1031750 <... openat resumed>)           = 25
1031742 <... openat resumed>)           = 13
1031751 openat(AT_FDCWD, "/proc/sys/kernel/ngroups_max", O_RDONLY|O_CLOEXEC <unfinished ...>
1031748 openat(AT_FDCWD, "/", O_RDONLY|O_CLOEXEC|O_PATH|O_DIRECTORY <unfinished ...>
1031751 <... openat resumed>)           = 27
1031748 <... openat resumed>)           = 21
1031747 openat(25, "userdb", O_RDONLY|O_NOFOLLOW|O_CLOEXEC|O_PATH) = -1 ENOENT (No such file or directory)
1031749 openat(AT_FDCWD, "/", O_RDONLY|O_CLOEXEC|O_PATH|O_DIRECTORY <unfinished ...>
1031748 openat(21, "/", O_RDONLY|O_CLOEXEC|O_PATH|O_DIRECTORY <unfinished ...>
1031749 <... openat resumed>)           = 23
1031748 <... openat resumed>)           = 25
1031742 openat(13, "lib", O_RDONLY|O_NOFOLLOW|O_CLOEXEC|O_PATH <unfinished ...>
1031747 openat(AT_FDCWD, "/", O_RDONLY|O_CLOEXEC|O_PATH|O_DIRECTORY <unfinished ...>
1031742 <... openat resumed>)           = 15
1031751 openat(AT_FDCWD, "/etc/group", O_RDONLY|O_CLOEXEC <unfinished ...>
1031748 openat(AT_FDCWD, "/", O_RDONLY|O_CLOEXEC|O_PATH|O_DIRECTORY <unfinished ...>
1031747 <... openat resumed>)           = 19
1031751 <... openat resumed>)           = 27
1031748 <... openat resumed>)           = 26
1031749 openat(23, "/", O_RDONLY|O_CLOEXEC|O_PATH|O_DIRECTORY <unfinished ...>
1031748 openat(25, "run", O_RDONLY|O_NOFOLLOW|O_CLOEXEC|O_PATH <unfinished ...>
1031749 <... openat resumed>)           = 27
1031748 <... openat resumed>)           = 27
1031747 openat(19, "/", O_RDONLY|O_CLOEXEC|O_PATH|O_DIRECTORY <unfinished ...>
1031749 openat(AT_FDCWD, "/", O_RDONLY|O_CLOEXEC|O_PATH|O_DIRECTORY <unfinished ...>
1031747 <... openat resumed>)           = 23
1031749 <... openat resumed>)           = 28
1031749 openat(27, "etc", O_RDONLY|O_NOFOLLOW|O_CLOEXEC|O_PATH <unfinished ...>
1031748 openat(27, "host", O_RDONLY|O_NOFOLLOW|O_CLOEXEC|O_PATH <unfinished ...>
1031749 <... openat resumed>)           = 29
1031748 <... openat resumed>)           = -1 ENOENT (No such file or directory)
1031747 openat(AT_FDCWD, "/", O_RDONLY|O_CLOEXEC|O_PATH|O_DIRECTORY <unfinished ...>
1031742 openat(15, "userdb", O_RDONLY|O_NOFOLLOW|O_CLOEXEC|O_PATH <unfinished ...>
1031747 <... openat resumed>)           = 24
1031747 openat(23, "usr", O_RDONLY|O_NOFOLLOW|O_CLOEXEC|O_PATH <unfinished ...>
1031742 <... openat resumed>)           = -1 ENOENT (No such file or directory)
1031751 openat(AT_FDCWD, "/etc/ld.so.cache", O_RDONLY|O_CLOEXEC <unfinished ...>
1031747 <... openat resumed>)           = 25
1031751 <... openat resumed>)           = 27
1031749 openat(29, "userdb", O_RDONLY|O_NOFOLLOW|O_CLOEXEC|O_PATH) = -1 ENOENT (No such file or directory)
1031748 openat(AT_FDCWD, "/", O_RDONLY|O_CLOEXEC|O_PATH|O_DIRECTORY) = 21
1031747 openat(25, "lib", O_RDONLY|O_NOFOLLOW|O_CLOEXEC|O_PATH) = 23
1031751 openat(AT_FDCWD, "/lib/x86_64-linux-gnu/libnss_systemd.so.2", O_RDONLY|O_CLOEXEC) = 27
1031749 openat(AT_FDCWD, "/", O_RDONLY|O_CLOEXEC|O_PATH|O_DIRECTORY <unfinished ...>
1031748 openat(21, "/", O_RDONLY|O_CLOEXEC|O_PATH|O_DIRECTORY <unfinished ...>
1031749 <... openat resumed>)           = 23
1031748 <... openat resumed>)           = 25
1031747 openat(23, "userdb", O_RDONLY|O_NOFOLLOW|O_CLOEXEC|O_PATH) = -1 ENOENT (No such file or directory)
1031742 openat(AT_FDCWD, "/", O_RDONLY|O_CLOEXEC|O_PATH|O_DIRECTORY <unfinished ...>
1031750 openat(AT_FDCWD, "/run/systemd/userdb/", O_RDONLY|O_NONBLOCK|O_CLOEXEC|O_DIRECTORY <unfinished ...>
1031748 openat(AT_FDCWD, "/", O_RDONLY|O_CLOEXEC|O_PATH|O_DIRECTORY <unfinished ...>
1031750 <... openat resumed>)           = 25
1031748 <... openat resumed>)           = 26
1031742 <... openat resumed>)           = 9
1031749 openat(23, "/", O_RDONLY|O_CLOEXEC|O_PATH|O_DIRECTORY <unfinished ...>
1031748 openat(25, "usr", O_RDONLY|O_NOFOLLOW|O_CLOEXEC|O_PATH <unfinished ...>
1031749 <... openat resumed>)           = 27
1031748 <... openat resumed>)           = 27
1031749 openat(AT_FDCWD, "/", O_RDONLY|O_CLOEXEC|O_PATH|O_DIRECTORY) = 28
1031747 openat(AT_FDCWD, "/proc/sys/kernel/random/boot_id", O_RDONLY|O_NOCTTY|O_CLOEXEC <unfinished ...>
1031749 openat(27, "run", O_RDONLY|O_NOFOLLOW|O_CLOEXEC|O_PATH <unfinished ...>
1031748 openat(27, "local", O_RDONLY|O_NOFOLLOW|O_CLOEXEC|O_PATH <unfinished ...>
1031747 <... openat resumed>)           = 19
1031749 <... openat resumed>)           = 29
1031748 <... openat resumed>)           = 25
1031751 openat(AT_FDCWD, "/lib/x86_64-linux-gnu/libcap.so.2", O_RDONLY|O_CLOEXEC) = 27
1031742 openat(9, "/", O_RDONLY|O_CLOEXEC|O_PATH|O_DIRECTORY) = 13
1031749 openat(29, "userdb", O_RDONLY|O_NOFOLLOW|O_CLOEXEC|O_PATH <unfinished ...>
1031748 openat(25, "lib", O_RDONLY|O_NOFOLLOW|O_CLOEXEC|O_PATH <unfinished ...>
1031749 <... openat resumed>)           = -1 ENOENT (No such file or directory)
1031748 <... openat resumed>)           = 27
1031742 openat(AT_FDCWD, "/", O_RDONLY|O_CLOEXEC|O_PATH|O_DIRECTORY <unfinished ...>
1031748 openat(27, "userdb", O_RDONLY|O_NOFOLLOW|O_CLOEXEC|O_PATH) = -1 ENOENT (No such file or directory)
1031742 <... openat resumed>)           = 14
1031749 openat(AT_FDCWD, "/", O_RDONLY|O_CLOEXEC|O_PATH|O_DIRECTORY) = 23
1031742 openat(13, "usr", O_RDONLY|O_NOFOLLOW|O_CLOEXEC|O_PATH) = 15
1031751 openat(AT_FDCWD, "/lib/x86_64-linux-gnu/libm.so.6", O_RDONLY|O_CLOEXEC) = 27
1031749 openat(23, "/", O_RDONLY|O_CLOEXEC|O_PATH|O_DIRECTORY <unfinished ...>
1031748 openat(AT_FDCWD, "/", O_RDONLY|O_CLOEXEC|O_PATH|O_DIRECTORY <unfinished ...>
1031749 <... openat resumed>)           = 27
1031748 <... openat resumed>)           = 21
1031750 openat(AT_FDCWD, "/", O_RDONLY|O_CLOEXEC|O_PATH|O_DIRECTORY <unfinished ...>
1031749 openat(AT_FDCWD, "/", O_RDONLY|O_CLOEXEC|O_PATH|O_DIRECTORY <unfinished ...>
1031752 openat(AT_FDCWD, "/proc/sys/kernel/ngroups_max", O_RDONLY|O_CLOEXEC <unfinished ...>
1031750 <... openat resumed>)           = 25
1031749 <... openat resumed>)           = 28
1031752 <... openat resumed>)           = 29
1031749 openat(27, "run", O_RDONLY|O_NOFOLLOW|O_CLOEXEC|O_PATH <unfinished ...>
1031748 openat(21, "/", O_RDONLY|O_CLOEXEC|O_PATH|O_DIRECTORY <unfinished ...>
1031749 <... openat resumed>)           = 29
1031748 <... openat resumed>)           = 25
1031742 openat(15, "lib", O_RDONLY|O_NOFOLLOW|O_CLOEXEC|O_PATH) = 13
1031750 openat(25, "/", O_RDONLY|O_CLOEXEC|O_PATH|O_DIRECTORY <unfinished ...>
1031748 openat(AT_FDCWD, "/", O_RDONLY|O_CLOEXEC|O_PATH|O_DIRECTORY <unfinished ...>
1031750 <... openat resumed>)           = 29
1031748 <... openat resumed>)           = 26
1031749 openat(29, "host", O_RDONLY|O_NOFOLLOW|O_CLOEXEC|O_PATH <unfinished ...>
1031748 openat(25, "usr", O_RDONLY|O_NOFOLLOW|O_CLOEXEC|O_PATH <unfinished ...>
1031749 <... openat resumed>)           = -1 ENOENT (No such file or directory)
1031748 <... openat resumed>)           = 27
1031750 openat(AT_FDCWD, "/", O_RDONLY|O_CLOEXEC|O_PATH|O_DIRECTORY <unfinished ...>
1031752 openat(AT_FDCWD, "/etc/group", O_RDONLY|O_CLOEXEC <unfinished ...>
1031750 <... openat resumed>)           = 30
1031752 <... openat resumed>)           = 29
1031750 openat(29, "etc", O_RDONLY|O_NOFOLLOW|O_CLOEXEC|O_PATH) = 31
1031748 openat(27, "lib", O_RDONLY|O_NOFOLLOW|O_CLOEXEC|O_PATH) = 25
1031742 openat(13, "userdb", O_RDONLY|O_NOFOLLOW|O_CLOEXEC|O_PATH <unfinished ...>
1031749 openat(AT_FDCWD, "/", O_RDONLY|O_CLOEXEC|O_PATH|O_DIRECTORY) = 23
1031742 <... openat resumed>)           = -1 ENOENT (No such file or directory)
1031750 openat(31, "userdb", O_RDONLY|O_NOFOLLOW|O_CLOEXEC|O_PATH) = -1 ENOENT (No such file or directory)
1031748 openat(25, "userdb", O_RDONLY|O_NOFOLLOW|O_CLOEXEC|O_PATH) = -1 ENOENT (No such file or directory)
1031749 openat(23, "/", O_RDONLY|O_CLOEXEC|O_PATH|O_DIRECTORY <unfinished ...>
1031752 openat(AT_FDCWD, "/etc/ld.so.cache", O_RDONLY|O_CLOEXEC <unfinished ...>
1031749 <... openat resumed>)           = 27
1031752 <... openat resumed>)           = 29
1031750 openat(AT_FDCWD, "/", O_RDONLY|O_CLOEXEC|O_PATH|O_DIRECTORY <unfinished ...>
1031749 openat(AT_FDCWD, "/", O_RDONLY|O_CLOEXEC|O_PATH|O_DIRECTORY <unfinished ...>
1031750 <... openat resumed>)           = 25
1031749 <... openat resumed>)           = 28
1031749 openat(27, "usr", O_RDONLY|O_NOFOLLOW|O_CLOEXEC|O_PATH) = 29
1031748 openat(AT_FDCWD, "/proc/sys/kernel/random/boot_id", O_RDONLY|O_NOCTTY|O_CLOEXEC <unfinished ...>
1031752 openat(AT_FDCWD, "/lib/x86_64-linux-gnu/libnss_systemd.so.2", O_RDONLY|O_CLOEXEC <unfinished ...>
1031748 <... openat resumed>)           = 21
1031752 <... openat resumed>)           = 29
1031750 openat(25, "/", O_RDONLY|O_CLOEXEC|O_PATH|O_DIRECTORY <unfinished ...>
1031742 openat(AT_FDCWD, "/proc/sys/kernel/random/boot_id", O_RDONLY|O_NOCTTY|O_CLOEXEC <unfinished ...>
1031750 <... openat resumed>)           = 29
1031751 openat(AT_FDCWD, "/run/systemd/userdb/", O_RDONLY|O_NONBLOCK|O_CLOEXEC|O_DIRECTORY <unfinished ...>
1031749 openat(29, "local", O_RDONLY|O_NOFOLLOW|O_CLOEXEC|O_PATH <unfinished ...>
1031742 <... openat resumed>)           = 9
1031751 <... openat resumed>)           = 27
1031749 <... openat resumed>)           = 27
1031750 openat(AT_FDCWD, "/", O_RDONLY|O_CLOEXEC|O_PATH|O_DIRECTORY) = 30
1031750 openat(29, "run", O_RDONLY|O_NOFOLLOW|O_CLOEXEC|O_PATH) = 31
1031749 openat(27, "lib", O_RDONLY|O_NOFOLLOW|O_CLOEXEC|O_PATH) = 29
1031750 openat(31, "userdb", O_RDONLY|O_NOFOLLOW|O_CLOEXEC|O_PATH) = -1 ENOENT (No such file or directory)
1031749 openat(29, "userdb", O_RDONLY|O_NOFOLLOW|O_CLOEXEC|O_PATH <unfinished ...>
1031752 openat(AT_FDCWD, "/lib/x86_64-linux-gnu/libcap.so.2", O_RDONLY|O_CLOEXEC <unfinished ...>
1031749 <... openat resumed>)           = -1 ENOENT (No such file or directory)
1031752 <... openat resumed>)           = 29
1031750 openat(AT_FDCWD, "/", O_RDONLY|O_CLOEXEC|O_PATH|O_DIRECTORY) = 25
1031749 openat(AT_FDCWD, "/", O_RDONLY|O_CLOEXEC|O_PATH|O_DIRECTORY) = 23
1031750 openat(25, "/", O_RDONLY|O_CLOEXEC|O_PATH|O_DIRECTORY) = 29
1031749 openat(23, "/", O_RDONLY|O_CLOEXEC|O_PATH|O_DIRECTORY) = 27
1031750 openat(AT_FDCWD, "/", O_RDONLY|O_CLOEXEC|O_PATH|O_DIRECTORY <unfinished ...>
1031752 openat(AT_FDCWD, "/lib/x86_64-linux-gnu/libm.so.6", O_RDONLY|O_CLOEXEC <unfinished ...>
1031750 <... openat resumed>)           = 30
1031752 <... openat resumed>)           = 29
1031750 openat(29, "run", O_RDONLY|O_NOFOLLOW|O_CLOEXEC|O_PATH <unfinished ...>
1031749 openat(AT_FDCWD, "/", O_RDONLY|O_CLOEXEC|O_PATH|O_DIRECTORY <unfinished ...>
1031750 <... openat resumed>)           = 31
1031749 <... openat resumed>)           = 28
1031751 openat(AT_FDCWD, "/", O_RDONLY|O_CLOEXEC|O_PATH|O_DIRECTORY <unfinished ...>
1031749 openat(27, "usr", O_RDONLY|O_NOFOLLOW|O_CLOEXEC|O_PATH <unfinished ...>
1031751 <... openat resumed>)           = 27
1031749 <... openat resumed>)           = 29
1031750 openat(31, "host", O_RDONLY|O_NOFOLLOW|O_CLOEXEC|O_PATH) = -1 ENOENT (No such file or directory)
1031751 openat(27, "/", O_RDONLY|O_CLOEXEC|O_PATH|O_DIRECTORY <unfinished ...>
1031749 openat(29, "lib", O_RDONLY|O_NOFOLLOW|O_CLOEXEC|O_PATH <unfinished ...>
1031751 <... openat resumed>)           = 31
1031749 <... openat resumed>)           = 27
1031753 openat(AT_FDCWD, "/proc/sys/kernel/ngroups_max", O_RDONLY|O_CLOEXEC) = 31
1031751 openat(AT_FDCWD, "/", O_RDONLY|O_CLOEXEC|O_PATH|O_DIRECTORY) = 32
1031751 openat(31, "etc", O_RDONLY|O_NOFOLLOW|O_CLOEXEC|O_PATH <unfinished ...>
1031750 openat(AT_FDCWD, "/", O_RDONLY|O_CLOEXEC|O_PATH|O_DIRECTORY <unfinished ...>
1031749 openat(27, "userdb", O_RDONLY|O_NOFOLLOW|O_CLOEXEC|O_PATH <unfinished ...>
1031751 <... openat resumed>)           = 33
1031750 <... openat resumed>)           = 25
1031749 <... openat resumed>)           = -1 ENOENT (No such file or directory)
1031753 openat(AT_FDCWD, "/etc/group", O_RDONLY|O_CLOEXEC <unfinished ...>
1031751 openat(33, "userdb", O_RDONLY|O_NOFOLLOW|O_CLOEXEC|O_PATH <unfinished ...>
1031750 openat(25, "/", O_RDONLY|O_CLOEXEC|O_PATH|O_DIRECTORY <unfinished ...>
1031753 <... openat resumed>)           = 31
1031751 <... openat resumed>)           = -1 ENOENT (No such file or directory)
1031750 <... openat resumed>)           = 29
1031750 openat(AT_FDCWD, "/", O_RDONLY|O_CLOEXEC|O_PATH|O_DIRECTORY <unfinished ...>
1031749 openat(AT_FDCWD, "/proc/sys/kernel/random/boot_id", O_RDONLY|O_NOCTTY|O_CLOEXEC <unfinished ...>
1031750 <... openat resumed>)           = 30
1031749 <... openat resumed>)           = 23
1031750 openat(29, "usr", O_RDONLY|O_NOFOLLOW|O_CLOEXEC|O_PATH) = 31
1031751 openat(AT_FDCWD, "/", O_RDONLY|O_CLOEXEC|O_PATH|O_DIRECTORY) = 27
1031753 openat(AT_FDCWD, "/etc/ld.so.cache", O_RDONLY|O_CLOEXEC <unfinished ...>
1031750 openat(31, "local", O_RDONLY|O_NOFOLLOW|O_CLOEXEC|O_PATH <unfinished ...>
1031753 <... openat resumed>)           = 31
1031750 <... openat resumed>)           = 29
1031751 openat(27, "/", O_RDONLY|O_CLOEXEC|O_PATH|O_DIRECTORY) = 31
1031751 openat(AT_FDCWD, "/", O_RDONLY|O_CLOEXEC|O_PATH|O_DIRECTORY <unfinished ...>
1031750 openat(29, "lib", O_RDONLY|O_NOFOLLOW|O_CLOEXEC|O_PATH <unfinished ...>
1031752 openat(AT_FDCWD, "/run/systemd/userdb/", O_RDONLY|O_NONBLOCK|O_CLOEXEC|O_DIRECTORY <unfinished ...>
1031751 <... openat resumed>)           = 32
1031750 <... openat resumed>)           = 31
1031753 openat(AT_FDCWD, "/lib/x86_64-linux-gnu/libnss_systemd.so.2", O_RDONLY|O_CLOEXEC <unfinished ...>
1031752 <... openat resumed>)           = 29
1031751 openat(31, "run", O_RDONLY|O_NOFOLLOW|O_CLOEXEC|O_PATH <unfinished ...>
1031753 <... openat resumed>)           = 31
1031751 <... openat resumed>)           = 33
1031750 openat(31, "userdb", O_RDONLY|O_NOFOLLOW|O_CLOEXEC|O_PATH) = -1 ENOENT (No such file or directory)
1031751 openat(33, "userdb", O_RDONLY|O_NOFOLLOW|O_CLOEXEC|O_PATH) = -1 ENOENT (No such file or directory)
1031750 openat(AT_FDCWD, "/", O_RDONLY|O_CLOEXEC|O_PATH|O_DIRECTORY) = 25
1031751 openat(AT_FDCWD, "/", O_RDONLY|O_CLOEXEC|O_PATH|O_DIRECTORY) = 27
1031753 openat(AT_FDCWD, "/lib/x86_64-linux-gnu/libcap.so.2", O_RDONLY|O_CLOEXEC) = 31
1031750 openat(25, "/", O_RDONLY|O_CLOEXEC|O_PATH|O_DIRECTORY) = 29
1031751 openat(27, "/", O_RDONLY|O_CLOEXEC|O_PATH|O_DIRECTORY) = 31
1031750 openat(AT_FDCWD, "/", O_RDONLY|O_CLOEXEC|O_PATH|O_DIRECTORY) = 30
1031751 openat(AT_FDCWD, "/", O_RDONLY|O_CLOEXEC|O_PATH|O_DIRECTORY <unfinished ...>
1031750 openat(29, "usr", O_RDONLY|O_NOFOLLOW|O_CLOEXEC|O_PATH <unfinished ...>
1031751 <... openat resumed>)           = 32
1031750 <... openat resumed>)           = 31
1031751 openat(31, "run", O_RDONLY|O_NOFOLLOW|O_CLOEXEC|O_PATH) = 33
1031750 openat(31, "lib", O_RDONLY|O_NOFOLLOW|O_CLOEXEC|O_PATH <unfinished ...>
1031752 openat(AT_FDCWD, "/", O_RDONLY|O_CLOEXEC|O_PATH|O_DIRECTORY <unfinished ...>
1031750 <... openat resumed>)           = 29
1031753 openat(AT_FDCWD, "/lib/x86_64-linux-gnu/libm.so.6", O_RDONLY|O_CLOEXEC <unfinished ...>
1031752 <... openat resumed>)           = 29
1031751 openat(33, "host", O_RDONLY|O_NOFOLLOW|O_CLOEXEC|O_PATH <unfinished ...>
1031753 <... openat resumed>)           = 31
1031751 <... openat resumed>)           = -1 ENOENT (No such file or directory)
1031750 openat(29, "userdb", O_RDONLY|O_NOFOLLOW|O_CLOEXEC|O_PATH <unfinished ...>
1031752 openat(29, "/", O_RDONLY|O_CLOEXEC|O_PATH|O_DIRECTORY <unfinished ...>
1031750 <... openat resumed>)           = -1 ENOENT (No such file or directory)
1031752 <... openat resumed>)           = 33
1031752 openat(AT_FDCWD, "/", O_RDONLY|O_CLOEXEC|O_PATH|O_DIRECTORY <unfinished ...>
1031751 openat(AT_FDCWD, "/", O_RDONLY|O_CLOEXEC|O_PATH|O_DIRECTORY <unfinished ...>
1031752 <... openat resumed>)           = 34
1031751 <... openat resumed>)           = 27
1031752 openat(33, "etc", O_RDONLY|O_NOFOLLOW|O_CLOEXEC|O_PATH) = 35
1031750 openat(AT_FDCWD, "/proc/sys/kernel/random/boot_id", O_RDONLY|O_NOCTTY|O_CLOEXEC <unfinished ...>
1031754 openat(AT_FDCWD, "/proc/sys/kernel/ngroups_max", O_RDONLY|O_CLOEXEC <unfinished ...>
1031751 openat(27, "/", O_RDONLY|O_CLOEXEC|O_PATH|O_DIRECTORY <unfinished ...>
1031750 <... openat resumed>)           = 25
1031754 <... openat resumed>)           = 33
1031751 <... openat resumed>)           = 31
1031752 openat(35, "userdb", O_RDONLY|O_NOFOLLOW|O_CLOEXEC|O_PATH) = -1 ENOENT (No such file or directory)
1031751 openat(AT_FDCWD, "/", O_RDONLY|O_CLOEXEC|O_PATH|O_DIRECTORY) = 32
1031751 openat(31, "usr", O_RDONLY|O_NOFOLLOW|O_CLOEXEC|O_PATH) = 33
1031754 openat(AT_FDCWD, "/etc/group", O_RDONLY|O_CLOEXEC <unfinished ...>
1031752 openat(AT_FDCWD, "/", O_RDONLY|O_CLOEXEC|O_PATH|O_DIRECTORY <unfinished ...>
1031754 <... openat resumed>)           = 33
1031752 <... openat resumed>)           = 29
1031751 openat(33, "local", O_RDONLY|O_NOFOLLOW|O_CLOEXEC|O_PATH) = 31
1031752 openat(29, "/", O_RDONLY|O_CLOEXEC|O_PATH|O_DIRECTORY) = 33
1031751 openat(31, "lib", O_RDONLY|O_NOFOLLOW|O_CLOEXEC|O_PATH) = 33
1031752 openat(AT_FDCWD, "/", O_RDONLY|O_CLOEXEC|O_PATH|O_DIRECTORY) = 34
1031754 openat(AT_FDCWD, "/etc/ld.so.cache", O_RDONLY|O_CLOEXEC) = 33
1031752 openat(33, "run", O_RDONLY|O_NOFOLLOW|O_CLOEXEC|O_PATH) = 35
1031751 openat(33, "userdb", O_RDONLY|O_NOFOLLOW|O_CLOEXEC|O_PATH <unfinished ...>
1031753 openat(AT_FDCWD, "/run/systemd/userdb/", O_RDONLY|O_NONBLOCK|O_CLOEXEC|O_DIRECTORY <unfinished ...>
1031751 <... openat resumed>)           = -1 ENOENT (No such file or directory)
1031753 <... openat resumed>)           = 31
1031752 openat(35, "userdb", O_RDONLY|O_NOFOLLOW|O_CLOEXEC|O_PATH <unfinished ...>
1031754 openat(AT_FDCWD, "/lib/x86_64-linux-gnu/libnss_systemd.so.2", O_RDONLY|O_CLOEXEC <unfinished ...>
1031752 <... openat resumed>)           = -1 ENOENT (No such file or directory)
1031754 <... openat resumed>)           = 33
1031751 openat(AT_FDCWD, "/", O_RDONLY|O_CLOEXEC|O_PATH|O_DIRECTORY) = 27
1031752 openat(AT_FDCWD, "/", O_RDONLY|O_CLOEXEC|O_PATH|O_DIRECTORY) = 29
1031751 openat(27, "/", O_RDONLY|O_CLOEXEC|O_PATH|O_DIRECTORY) = 31
1031751 openat(AT_FDCWD, "/", O_RDONLY|O_CLOEXEC|O_PATH|O_DIRECTORY <unfinished ...>
1031752 openat(29, "/", O_RDONLY|O_CLOEXEC|O_PATH|O_DIRECTORY <unfinished ...>
1031751 <... openat resumed>)           = 32
1031752 <... openat resumed>)           = 33
1031751 openat(31, "usr", O_RDONLY|O_NOFOLLOW|O_CLOEXEC|O_PATH) = 33
1031754 openat(AT_FDCWD, "/lib/x86_64-linux-gnu/libcap.so.2", O_RDONLY|O_CLOEXEC) = 33
1031752 openat(AT_FDCWD, "/", O_RDONLY|O_CLOEXEC|O_PATH|O_DIRECTORY) = 34
1031752 openat(33, "run", O_RDONLY|O_NOFOLLOW|O_CLOEXEC|O_PATH) = 35
1031751 openat(33, "lib", O_RDONLY|O_NOFOLLOW|O_CLOEXEC|O_PATH) = 31
1031752 openat(35, "host", O_RDONLY|O_NOFOLLOW|O_CLOEXEC|O_PATH) = -1 ENOENT (No such file or directory)
1031751 openat(31, "userdb", O_RDONLY|O_NOFOLLOW|O_CLOEXEC|O_PATH <unfinished ...>
1031753 openat(AT_FDCWD, "/", O_RDONLY|O_CLOEXEC|O_PATH|O_DIRECTORY <unfinished ...>
1031751 <... openat resumed>)           = -1 ENOENT (No such file or directory)
1031753 <... openat resumed>)           = 31
1031754 openat(AT_FDCWD, "/lib/x86_64-linux-gnu/libm.so.6", O_RDONLY|O_CLOEXEC) = 33
1031753 openat(31, "/", O_RDONLY|O_CLOEXEC|O_PATH|O_DIRECTORY <unfinished ...>
1031752 openat(AT_FDCWD, "/", O_RDONLY|O_CLOEXEC|O_PATH|O_DIRECTORY <unfinished ...>
1031753 <... openat resumed>)           = 35
1031752 <... openat resumed>)           = 29
1031751 openat(AT_FDCWD, "/proc/sys/kernel/random/boot_id", O_RDONLY|O_NOCTTY|O_CLOEXEC <unfinished ...>
1031753 openat(AT_FDCWD, "/", O_RDONLY|O_CLOEXEC|O_PATH|O_DIRECTORY <unfinished ...>
1031751 <... openat resumed>)           = 27
1031753 <... openat resumed>)           = 36
1031753 openat(35, "etc", O_RDONLY|O_NOFOLLOW|O_CLOEXEC|O_PATH <unfinished ...>
1031752 openat(29, "/", O_RDONLY|O_CLOEXEC|O_PATH|O_DIRECTORY <unfinished ...>
1031753 <... openat resumed>)           = 37
1031752 <... openat resumed>)           = 33
1031752 openat(AT_FDCWD, "/", O_RDONLY|O_CLOEXEC|O_PATH|O_DIRECTORY) = 34
1031753 openat(37, "userdb", O_RDONLY|O_NOFOLLOW|O_CLOEXEC|O_PATH <unfinished ...>
1031752 openat(33, "usr", O_RDONLY|O_NOFOLLOW|O_CLOEXEC|O_PATH <unfinished ...>
1031753 <... openat resumed>)           = -1 ENOENT (No such file or directory)
1031752 <... openat resumed>)           = 35
1031752 openat(35, "local", O_RDONLY|O_NOFOLLOW|O_CLOEXEC|O_PATH) = 33
1031755 openat(AT_FDCWD, "/proc/sys/kernel/ngroups_max", O_RDONLY|O_CLOEXEC <unfinished ...>
1031753 openat(AT_FDCWD, "/", O_RDONLY|O_CLOEXEC|O_PATH|O_DIRECTORY <unfinished ...>
1031755 <... openat resumed>)           = 35
1031753 <... openat resumed>)           = 31
1031752 openat(33, "lib", O_RDONLY|O_NOFOLLOW|O_CLOEXEC|O_PATH) = 35
1031753 openat(31, "/", O_RDONLY|O_CLOEXEC|O_PATH|O_DIRECTORY) = 35
1031755 openat(AT_FDCWD, "/etc/group", O_RDONLY|O_CLOEXEC <unfinished ...>
1031753 openat(AT_FDCWD, "/", O_RDONLY|O_CLOEXEC|O_PATH|O_DIRECTORY <unfinished ...>
1031752 openat(35, "userdb", O_RDONLY|O_NOFOLLOW|O_CLOEXEC|O_PATH <unfinished ...>
1031755 <... openat resumed>)           = 35
1031753 <... openat resumed>)           = 36
1031752 <... openat resumed>)           = -1 ENOENT (No such file or directory)
1031753 openat(35, "run", O_RDONLY|O_NOFOLLOW|O_CLOEXEC|O_PATH) = 37
1031753 openat(37, "userdb", O_RDONLY|O_NOFOLLOW|O_CLOEXEC|O_PATH <unfinished ...>
1031752 openat(AT_FDCWD, "/", O_RDONLY|O_CLOEXEC|O_PATH|O_DIRECTORY <unfinished ...>
1031754 openat(AT_FDCWD, "/run/systemd/userdb/", O_RDONLY|O_NONBLOCK|O_CLOEXEC|O_DIRECTORY <unfinished ...>
1031753 <... openat resumed>)           = -1 ENOENT (No such file or directory)
1031752 <... openat resumed>)           = 29
1031754 <... openat resumed>)           = 33
1031755 openat(AT_FDCWD, "/etc/ld.so.cache", O_RDONLY|O_CLOEXEC) = 35
1031752 openat(29, "/", O_RDONLY|O_CLOEXEC|O_PATH|O_DIRECTORY) = 33
1031753 openat(AT_FDCWD, "/", O_RDONLY|O_CLOEXEC|O_PATH|O_DIRECTORY) = 31
1031752 openat(AT_FDCWD, "/", O_RDONLY|O_CLOEXEC|O_PATH|O_DIRECTORY) = 34
1031755 openat(AT_FDCWD, "/lib/x86_64-linux-gnu/libnss_systemd.so.2", O_RDONLY|O_CLOEXEC <unfinished ...>
1031752 openat(33, "usr", O_RDONLY|O_NOFOLLOW|O_CLOEXEC|O_PATH <unfinished ...>
1031755 <... openat resumed>)           = 35
1031752 <... openat resumed>)           = 35
1031753 openat(31, "/", O_RDONLY|O_CLOEXEC|O_PATH|O_DIRECTORY) = 35
1031753 openat(AT_FDCWD, "/", O_RDONLY|O_CLOEXEC|O_PATH|O_DIRECTORY <unfinished ...>
1031752 openat(35, "lib", O_RDONLY|O_NOFOLLOW|O_CLOEXEC|O_PATH <unfinished ...>
1031753 <... openat resumed>)           = 36
1031752 <... openat resumed>)           = 33
1031753 openat(35, "run", O_RDONLY|O_NOFOLLOW|O_CLOEXEC|O_PATH) = 37
1031752 openat(33, "userdb", O_RDONLY|O_NOFOLLOW|O_CLOEXEC|O_PATH) = -1 ENOENT (No such file or directory)
1031753 openat(37, "host", O_RDONLY|O_NOFOLLOW|O_CLOEXEC|O_PATH) = -1 ENOENT (No such file or directory)
1031755 openat(AT_FDCWD, "/lib/x86_64-linux-gnu/libcap.so.2", O_RDONLY|O_CLOEXEC) = 35
1031754 openat(AT_FDCWD, "/", O_RDONLY|O_CLOEXEC|O_PATH|O_DIRECTORY) = 33
1031753 openat(AT_FDCWD, "/", O_RDONLY|O_CLOEXEC|O_PATH|O_DIRECTORY <unfinished ...>
1031752 openat(AT_FDCWD, "/proc/sys/kernel/random/boot_id", O_RDONLY|O_NOCTTY|O_CLOEXEC <unfinished ...>
1031753 <... openat resumed>)           = 31
1031752 <... openat resumed>)           = 29
1031754 openat(33, "/", O_RDONLY|O_CLOEXEC|O_PATH|O_DIRECTORY) = 37
1031753 openat(31, "/", O_RDONLY|O_CLOEXEC|O_PATH|O_DIRECTORY) = 35
1031754 openat(AT_FDCWD, "/", O_RDONLY|O_CLOEXEC|O_PATH|O_DIRECTORY <unfinished ...>
1031755 openat(AT_FDCWD, "/lib/x86_64-linux-gnu/libm.so.6", O_RDONLY|O_CLOEXEC <unfinished ...>
1031754 <... openat resumed>)           = 38
1031753 openat(AT_FDCWD, "/", O_RDONLY|O_CLOEXEC|O_PATH|O_DIRECTORY <unfinished ...>
1031755 <... openat resumed>)           = 35
1031754 openat(37, "etc", O_RDONLY|O_NOFOLLOW|O_CLOEXEC|O_PATH <unfinished ...>
1031753 <... openat resumed>)           = 36
1031754 <... openat resumed>)           = 39
1031753 openat(35, "usr", O_RDONLY|O_NOFOLLOW|O_CLOEXEC|O_PATH) = 37
1031754 openat(39, "userdb", O_RDONLY|O_NOFOLLOW|O_CLOEXEC|O_PATH) = -1 ENOENT (No such file or directory)
1031753 openat(37, "local", O_RDONLY|O_NOFOLLOW|O_CLOEXEC|O_PATH) = 35
1031753 openat(35, "lib", O_RDONLY|O_NOFOLLOW|O_CLOEXEC|O_PATH <unfinished ...>
1031754 openat(AT_FDCWD, "/", O_RDONLY|O_CLOEXEC|O_PATH|O_DIRECTORY <unfinished ...>
1031753 <... openat resumed>)           = 37
1031754 <... openat resumed>)           = 33
1031753 openat(37, "userdb", O_RDONLY|O_NOFOLLOW|O_CLOEXEC|O_PATH <unfinished ...>
1031754 openat(33, "/", O_RDONLY|O_CLOEXEC|O_PATH|O_DIRECTORY <unfinished ...>
1031753 <... openat resumed>)           = -1 ENOENT (No such file or directory)
1031754 <... openat resumed>)           = 37
1031756 openat(AT_FDCWD, "/proc/sys/kernel/ngroups_max", O_RDONLY|O_CLOEXEC <unfinished ...>
1031754 openat(AT_FDCWD, "/", O_RDONLY|O_CLOEXEC|O_PATH|O_DIRECTORY <unfinished ...>
1031756 <... openat resumed>)           = 37
1031754 <... openat resumed>)           = 38
1031754 openat(37, "run", O_RDONLY|O_NOFOLLOW|O_CLOEXEC|O_PATH) = 39
1031753 openat(AT_FDCWD, "/", O_RDONLY|O_CLOEXEC|O_PATH|O_DIRECTORY) = 31
1031754 openat(39, "userdb", O_RDONLY|O_NOFOLLOW|O_CLOEXEC|O_PATH) = -1 ENOENT (No such file or directory)
1031753 openat(31, "/", O_RDONLY|O_CLOEXEC|O_PATH|O_DIRECTORY <unfinished ...>
1031756 openat(AT_FDCWD, "/etc/group", O_RDONLY|O_CLOEXEC <unfinished ...>
1031753 <... openat resumed>)           = 35
1031756 <... openat resumed>)           = 37
1031753 openat(AT_FDCWD, "/", O_RDONLY|O_CLOEXEC|O_PATH|O_DIRECTORY) = 36
1031755 openat(AT_FDCWD, "/run/systemd/userdb/", O_RDONLY|O_NONBLOCK|O_CLOEXEC|O_DIRECTORY <unfinished ...>
1031753 openat(35, "usr", O_RDONLY|O_NOFOLLOW|O_CLOEXEC|O_PATH <unfinished ...>
1031755 <... openat resumed>)           = 35
1031754 openat(AT_FDCWD, "/", O_RDONLY|O_CLOEXEC|O_PATH|O_DIRECTORY <unfinished ...>
1031753 <... openat resumed>)           = 37
1031754 <... openat resumed>)           = 33
1031753 openat(37, "lib", O_RDONLY|O_NOFOLLOW|O_CLOEXEC|O_PATH <unfinished ...>
1031756 openat(AT_FDCWD, "/etc/ld.so.cache", O_RDONLY|O_CLOEXEC <unfinished ...>
1031754 openat(33, "/", O_RDONLY|O_CLOEXEC|O_PATH|O_DIRECTORY <unfinished ...>
1031753 <... openat resumed>)           = 35
1031756 <... openat resumed>)           = 37
1031754 <... openat resumed>)           = 37
1031754 openat(AT_FDCWD, "/", O_RDONLY|O_CLOEXEC|O_PATH|O_DIRECTORY) = 38
1031753 openat(35, "userdb", O_RDONLY|O_NOFOLLOW|O_CLOEXEC|O_PATH <unfinished ...>
1031754 openat(37, "run", O_RDONLY|O_NOFOLLOW|O_CLOEXEC|O_PATH <unfinished ...>
1031753 <... openat resumed>)           = -1 ENOENT (No such file or directory)
1031754 <... openat resumed>)           = 39
1031756 openat(AT_FDCWD, "/lib/x86_64-linux-gnu/libnss_systemd.so.2", O_RDONLY|O_CLOEXEC) = 37
1031754 openat(39, "host", O_RDONLY|O_NOFOLLOW|O_CLOEXEC|O_PATH) = -1 ENOENT (No such file or directory)
1031753 openat(AT_FDCWD, "/proc/sys/kernel/random/boot_id", O_RDONLY|O_NOCTTY|O_CLOEXEC) = 31
1031754 openat(AT_FDCWD, "/", O_RDONLY|O_CLOEXEC|O_PATH|O_DIRECTORY) = 33
1031756 openat(AT_FDCWD, "/lib/x86_64-linux-gnu/libcap.so.2", O_RDONLY|O_CLOEXEC) = 37
1031755 openat(AT_FDCWD, "/", O_RDONLY|O_CLOEXEC|O_PATH|O_DIRECTORY) = 35
1031754 openat(33, "/", O_RDONLY|O_CLOEXEC|O_PATH|O_DIRECTORY) = 37
1031754 openat(AT_FDCWD, "/", O_RDONLY|O_CLOEXEC|O_PATH|O_DIRECTORY <unfinished ...>
1031755 openat(35, "/", O_RDONLY|O_CLOEXEC|O_PATH|O_DIRECTORY <unfinished ...>
1031754 <... openat resumed>)           = 38
1031755 <... openat resumed>)           = 39
1031754 openat(37, "usr", O_RDONLY|O_NOFOLLOW|O_CLOEXEC|O_PATH) = 39
1031755 openat(AT_FDCWD, "/", O_RDONLY|O_CLOEXEC|O_PATH|O_DIRECTORY) = 40
1031755 openat(39, "etc", O_RDONLY|O_NOFOLLOW|O_CLOEXEC|O_PATH) = 41
1031754 openat(39, "local", O_RDONLY|O_NOFOLLOW|O_CLOEXEC|O_PATH) = 37
1031756 openat(AT_FDCWD, "/lib/x86_64-linux-gnu/libm.so.6", O_RDONLY|O_CLOEXEC) = 37
1031755 openat(41, "userdb", O_RDONLY|O_NOFOLLOW|O_CLOEXEC|O_PATH) = -1 ENOENT (No such file or directory)
1031754 openat(37, "lib", O_RDONLY|O_NOFOLLOW|O_CLOEXEC|O_PATH) = 39
1031754 openat(39, "userdb", O_RDONLY|O_NOFOLLOW|O_CLOEXEC|O_PATH <unfinished ...>
1031755 openat(AT_FDCWD, "/", O_RDONLY|O_CLOEXEC|O_PATH|O_DIRECTORY <unfinished ...>
1031754 <... openat resumed>)           = -1 ENOENT (No such file or directory)
1031755 <... openat resumed>)           = 35
1031755 openat(35, "/", O_RDONLY|O_CLOEXEC|O_PATH|O_DIRECTORY) = 39
1031754 openat(AT_FDCWD, "/", O_RDONLY|O_CLOEXEC|O_PATH|O_DIRECTORY) = 33
1031755 openat(AT_FDCWD, "/", O_RDONLY|O_CLOEXEC|O_PATH|O_DIRECTORY) = 40
1031755 openat(39, "run", O_RDONLY|O_NOFOLLOW|O_CLOEXEC|O_PATH) = 41
1031754 openat(33, "/", O_RDONLY|O_CLOEXEC|O_PATH|O_DIRECTORY) = 37
1031754 openat(AT_FDCWD, "/", O_RDONLY|O_CLOEXEC|O_PATH|O_DIRECTORY <unfinished ...>
1031757 openat(AT_FDCWD, "/proc/sys/kernel/ngroups_max", O_RDONLY|O_CLOEXEC <unfinished ...>
1031755 openat(41, "userdb", O_RDONLY|O_NOFOLLOW|O_CLOEXEC|O_PATH <unfinished ...>
1031754 <... openat resumed>)           = 38
1031757 <... openat resumed>)           = 39
1031755 <... openat resumed>)           = -1 ENOENT (No such file or directory)
1031754 openat(37, "usr", O_RDONLY|O_NOFOLLOW|O_CLOEXEC|O_PATH) = 39
1031754 openat(39, "lib", O_RDONLY|O_NOFOLLOW|O_CLOEXEC|O_PATH <unfinished ...>
1031755 openat(AT_FDCWD, "/", O_RDONLY|O_CLOEXEC|O_PATH|O_DIRECTORY <unfinished ...>
1031754 <... openat resumed>)           = 37
1031755 <... openat resumed>)           = 35
1031757 openat(AT_FDCWD, "/etc/group", O_RDONLY|O_CLOEXEC) = 39
1031756 openat(AT_FDCWD, "/run/systemd/userdb/", O_RDONLY|O_NONBLOCK|O_CLOEXEC|O_DIRECTORY) = 37
1031754 openat(37, "userdb", O_RDONLY|O_NOFOLLOW|O_CLOEXEC|O_PATH <unfinished ...>
1031755 openat(35, "/", O_RDONLY|O_CLOEXEC|O_PATH|O_DIRECTORY <unfinished ...>
1031754 <... openat resumed>)           = -1 ENOENT (No such file or directory)
1031755 <... openat resumed>)           = 39
1031755 openat(AT_FDCWD, "/", O_RDONLY|O_CLOEXEC|O_PATH|O_DIRECTORY) = 40
1031755 openat(39, "run", O_RDONLY|O_NOFOLLOW|O_CLOEXEC|O_PATH) = 41
1031757 openat(AT_FDCWD, "/etc/ld.so.cache", O_RDONLY|O_CLOEXEC) = 39
1031754 openat(AT_FDCWD, "/proc/sys/kernel/random/boot_id", O_RDONLY|O_NOCTTY|O_CLOEXEC) = 33
1031755 openat(41, "host", O_RDONLY|O_NOFOLLOW|O_CLOEXEC|O_PATH) = -1 ENOENT (No such file or directory)
1031757 openat(AT_FDCWD, "/lib/x86_64-linux-gnu/libnss_systemd.so.2", O_RDONLY|O_CLOEXEC) = 39
1031755 openat(AT_FDCWD, "/", O_RDONLY|O_CLOEXEC|O_PATH|O_DIRECTORY) = 35
1031755 openat(35, "/", O_RDONLY|O_CLOEXEC|O_PATH|O_DIRECTORY) = 39
1031756 openat(AT_FDCWD, "/", O_RDONLY|O_CLOEXEC|O_PATH|O_DIRECTORY) = 37
1031755 openat(AT_FDCWD, "/", O_RDONLY|O_CLOEXEC|O_PATH|O_DIRECTORY) = 40
1031757 openat(AT_FDCWD, "/lib/x86_64-linux-gnu/libcap.so.2", O_RDONLY|O_CLOEXEC <unfinished ...>
1031755 openat(39, "usr", O_RDONLY|O_NOFOLLOW|O_CLOEXEC|O_PATH <unfinished ...>
1031757 <... openat resumed>)           = 39
1031755 <... openat resumed>)           = 41
1031756 openat(37, "/", O_RDONLY|O_CLOEXEC|O_PATH|O_DIRECTORY) = 41
1031755 openat(41, "local", O_RDONLY|O_NOFOLLOW|O_CLOEXEC|O_PATH <unfinished ...>
1031756 openat(AT_FDCWD, "/", O_RDONLY|O_CLOEXEC|O_PATH|O_DIRECTORY <unfinished ...>
1031755 <... openat resumed>)           = 39
1031756 <... openat resumed>)           = 42
1031756 openat(41, "etc", O_RDONLY|O_NOFOLLOW|O_CLOEXEC|O_PATH) = 43
1031755 openat(39, "lib", O_RDONLY|O_NOFOLLOW|O_CLOEXEC|O_PATH) = 41
1031756 openat(43, "userdb", O_RDONLY|O_NOFOLLOW|O_CLOEXEC|O_PATH <unfinished ...>
1031757 openat(AT_FDCWD, "/lib/x86_64-linux-gnu/libm.so.6", O_RDONLY|O_CLOEXEC <unfinished ...>
1031756 <... openat resumed>)           = -1 ENOENT (No such file or directory)
1031757 <... openat resumed>)           = 39
1031755 openat(41, "userdb", O_RDONLY|O_NOFOLLOW|O_CLOEXEC|O_PATH) = -1 ENOENT (No such file or directory)
1031756 openat(AT_FDCWD, "/", O_RDONLY|O_CLOEXEC|O_PATH|O_DIRECTORY) = 37
1031755 openat(AT_FDCWD, "/", O_RDONLY|O_CLOEXEC|O_PATH|O_DIRECTORY) = 35
1031756 openat(37, "/", O_RDONLY|O_CLOEXEC|O_PATH|O_DIRECTORY) = 41
1031756 openat(AT_FDCWD, "/", O_RDONLY|O_CLOEXEC|O_PATH|O_DIRECTORY <unfinished ...>
1031755 openat(35, "/", O_RDONLY|O_CLOEXEC|O_PATH|O_DIRECTORY <unfinished ...>
1031756 <... openat resumed>)           = 42
1031755 <... openat resumed>)           = 39
1031756 openat(41, "run", O_RDONLY|O_NOFOLLOW|O_CLOEXEC|O_PATH) = 43
1031755 openat(AT_FDCWD, "/", O_RDONLY|O_CLOEXEC|O_PATH|O_DIRECTORY) = 40
1031756 openat(43, "userdb", O_RDONLY|O_NOFOLLOW|O_CLOEXEC|O_PATH <unfinished ...>
1031755 openat(39, "usr", O_RDONLY|O_NOFOLLOW|O_CLOEXEC|O_PATH <unfinished ...>
1031756 <... openat resumed>)           = -1 ENOENT (No such file or directory)
1031755 <... openat resumed>)           = 41
1031756 openat(AT_FDCWD, "/", O_RDONLY|O_CLOEXEC|O_PATH|O_DIRECTORY) = 37
1031755 openat(41, "lib", O_RDONLY|O_NOFOLLOW|O_CLOEXEC|O_PATH <unfinished ...>
1031756 openat(37, "/", O_RDONLY|O_CLOEXEC|O_PATH|O_DIRECTORY <unfinished ...>
1031755 <... openat resumed>)           = 39
1031757 openat(AT_FDCWD, "/run/systemd/userdb/", O_RDONLY|O_NONBLOCK|O_CLOEXEC|O_DIRECTORY <unfinished ...>
1031756 <... openat resumed>)           = 41
1031757 <... openat resumed>)           = 39
1031756 openat(AT_FDCWD, "/", O_RDONLY|O_CLOEXEC|O_PATH|O_DIRECTORY) = 42
1031756 openat(41, "run", O_RDONLY|O_NOFOLLOW|O_CLOEXEC|O_PATH) = 43
1031755 openat(39, "userdb", O_RDONLY|O_NOFOLLOW|O_CLOEXEC|O_PATH) = -1 ENOENT (No such file or directory)
1031756 openat(43, "host", O_RDONLY|O_NOFOLLOW|O_CLOEXEC|O_PATH) = -1 ENOENT (No such file or directory)
1031756 openat(AT_FDCWD, "/", O_RDONLY|O_CLOEXEC|O_PATH|O_DIRECTORY) = 37
1031756 openat(37, "/", O_RDONLY|O_CLOEXEC|O_PATH|O_DIRECTORY) = 41
1031755 openat(AT_FDCWD, "/proc/sys/kernel/random/boot_id", O_RDONLY|O_NOCTTY|O_CLOEXEC <unfinished ...>
1031756 openat(AT_FDCWD, "/", O_RDONLY|O_CLOEXEC|O_PATH|O_DIRECTORY <unfinished ...>
1031755 <... openat resumed>)           = 35
1031756 <... openat resumed>)           = 42
1031756 openat(41, "usr", O_RDONLY|O_NOFOLLOW|O_CLOEXEC|O_PATH <unfinished ...>
1031757 openat(AT_FDCWD, "/", O_RDONLY|O_CLOEXEC|O_PATH|O_DIRECTORY <unfinished ...>
1031756 <... openat resumed>)           = 43
1031757 <... openat resumed>)           = 39
1031756 openat(43, "local", O_RDONLY|O_NOFOLLOW|O_CLOEXEC|O_PATH <unfinished ...>
1031757 openat(39, "/", O_RDONLY|O_CLOEXEC|O_PATH|O_DIRECTORY <unfinished ...>
1031756 <... openat resumed>)           = 41
1031757 <... openat resumed>)           = 43
1031757 openat(AT_FDCWD, "/", O_RDONLY|O_CLOEXEC|O_PATH|O_DIRECTORY) = 44
1031756 openat(41, "lib", O_RDONLY|O_NOFOLLOW|O_CLOEXEC|O_PATH <unfinished ...>
1031757 openat(43, "etc", O_RDONLY|O_NOFOLLOW|O_CLOEXEC|O_PATH <unfinished ...>
1031756 <... openat resumed>)           = 43
1031757 <... openat resumed>)           = 45
1031756 openat(43, "userdb", O_RDONLY|O_NOFOLLOW|O_CLOEXEC|O_PATH <unfinished ...>
1031757 openat(45, "userdb", O_RDONLY|O_NOFOLLOW|O_CLOEXEC|O_PATH <unfinished ...>
1031756 <... openat resumed>)           = -1 ENOENT (No such file or directory)
1031757 <... openat resumed>)           = -1 ENOENT (No such file or directory)
1031756 openat(AT_FDCWD, "/", O_RDONLY|O_CLOEXEC|O_PATH|O_DIRECTORY <unfinished ...>
1031757 openat(AT_FDCWD, "/", O_RDONLY|O_CLOEXEC|O_PATH|O_DIRECTORY <unfinished ...>
1031756 <... openat resumed>)           = 37
1031757 <... openat resumed>)           = 39
1031756 openat(37, "/", O_RDONLY|O_CLOEXEC|O_PATH|O_DIRECTORY <unfinished ...>
1031757 openat(39, "/", O_RDONLY|O_CLOEXEC|O_PATH|O_DIRECTORY <unfinished ...>
1031756 <... openat resumed>)           = 41
1031757 <... openat resumed>)           = 43
1031756 openat(AT_FDCWD, "/", O_RDONLY|O_CLOEXEC|O_PATH|O_DIRECTORY <unfinished ...>
1031757 openat(AT_FDCWD, "/", O_RDONLY|O_CLOEXEC|O_PATH|O_DIRECTORY <unfinished ...>
1031756 <... openat resumed>)           = 42
1031757 <... openat resumed>)           = 44
1031756 openat(41, "usr", O_RDONLY|O_NOFOLLOW|O_CLOEXEC|O_PATH <unfinished ...>
1031757 openat(43, "run", O_RDONLY|O_NOFOLLOW|O_CLOEXEC|O_PATH <unfinished ...>
1031756 <... openat resumed>)           = 43
1031757 <... openat resumed>)           = 45
1031756 openat(43, "lib", O_RDONLY|O_NOFOLLOW|O_CLOEXEC|O_PATH <unfinished ...>
1031757 openat(45, "userdb", O_RDONLY|O_NOFOLLOW|O_CLOEXEC|O_PATH <unfinished ...>
1031756 <... openat resumed>)           = 41
1031757 <... openat resumed>)           = -1 ENOENT (No such file or directory)
1031756 openat(41, "userdb", O_RDONLY|O_NOFOLLOW|O_CLOEXEC|O_PATH) = -1 ENOENT (No such file or directory)
1031757 openat(AT_FDCWD, "/", O_RDONLY|O_CLOEXEC|O_PATH|O_DIRECTORY) = 39
1031757 openat(39, "/", O_RDONLY|O_CLOEXEC|O_PATH|O_DIRECTORY) = 43
1031756 openat(AT_FDCWD, "/proc/sys/kernel/random/boot_id", O_RDONLY|O_NOCTTY|O_CLOEXEC <unfinished ...>
1031757 openat(AT_FDCWD, "/", O_RDONLY|O_CLOEXEC|O_PATH|O_DIRECTORY <unfinished ...>
1031756 <... openat resumed>)           = 37
1031757 <... openat resumed>)           = 44
1031757 openat(43, "run", O_RDONLY|O_NOFOLLOW|O_CLOEXEC|O_PATH) = 45
1031757 openat(45, "host", O_RDONLY|O_NOFOLLOW|O_CLOEXEC|O_PATH) = -1 ENOENT (No such file or directory)
1031757 openat(AT_FDCWD, "/", O_RDONLY|O_CLOEXEC|O_PATH|O_DIRECTORY) = 39
1031757 openat(39, "/", O_RDONLY|O_CLOEXEC|O_PATH|O_DIRECTORY) = 43
1031757 openat(AT_FDCWD, "/", O_RDONLY|O_CLOEXEC|O_PATH|O_DIRECTORY) = 44
1031757 openat(43, "usr", O_RDONLY|O_NOFOLLOW|O_CLOEXEC|O_PATH) = 45
1031757 openat(45, "local", O_RDONLY|O_NOFOLLOW|O_CLOEXEC|O_PATH) = 43
1031757 openat(43, "lib", O_RDONLY|O_NOFOLLOW|O_CLOEXEC|O_PATH) = 45
1031757 openat(45, "userdb", O_RDONLY|O_NOFOLLOW|O_CLOEXEC|O_PATH) = -1 ENOENT (No such file or directory)
1031757 openat(AT_FDCWD, "/", O_RDONLY|O_CLOEXEC|O_PATH|O_DIRECTORY) = 39
1031757 openat(39, "/", O_RDONLY|O_CLOEXEC|O_PATH|O_DIRECTORY) = 43
1031757 openat(AT_FDCWD, "/", O_RDONLY|O_CLOEXEC|O_PATH|O_DIRECTORY) = 44
1031757 openat(43, "usr", O_RDONLY|O_NOFOLLOW|O_CLOEXEC|O_PATH) = 45
1031757 openat(45, "lib", O_RDONLY|O_NOFOLLOW|O_CLOEXEC|O_PATH) = 43
1031757 openat(43, "userdb", O_RDONLY|O_NOFOLLOW|O_CLOEXEC|O_PATH) = -1 ENOENT (No such file or directory)
1031757 openat(AT_FDCWD, "/proc/sys/kernel/random/boot_id", O_RDONLY|O_NOCTTY|O_CLOEXEC) = 39
1031741 --- SIGTERM {si_signo=SIGTERM, si_code=SI_USER, si_pid=1031764, si_uid=0} ---
1031743 +++ exited with 0 +++
1031742 +++ exited with 0 +++
1031744 +++ exited with 0 +++
1031745 +++ exited with 0 +++
1031746 +++ exited with 0 +++
1031747 +++ exited with 0 +++
1031748 +++ exited with 0 +++
1031749 +++ exited with 0 +++
1031751 +++ exited with 0 +++
1031750 +++ exited with 0 +++
1031752 +++ exited with 0 +++
1031754 +++ exited with 0 +++
1031753 +++ exited with 0 +++
1031755 +++ exited with 0 +++
1031741 --- SIGCHLD {si_signo=SIGCHLD, si_code=CLD_EXITED, si_pid=1031743, si_uid=33, si_status=0, si_utime=0, si_stime=0} ---
1031756 +++ exited with 0 +++
1031757 +++ exited with 0 +++
1031741 +++ exited with 0 +++
